17:05:16 **** Build of configuration Release for project hellocc ****
python D:/cocosExample/hellocc/proj.android/build_native.py -b release all 
Cannot run program "python": Launching failed

Error: Program "python" not found in PATH
PATH=[C:/Program Files (x86)/Java/jre1.8.0_60/bin/client;C:/Program Files (x86)/Java/jre1.8.0_60/bin;C:/Program Files (x86)/Java/jre1.8.0_60/lib/i386;E:\app\Administrator\product\12.1.0\dbhome_1\bin;D:\orcal\product\12.1.0\dbhome_1\bin;D:\oracle\product\10.2.0\db_1\bin;C:\Users\Administrator\oracle\db\bin;C:\ProgramData\Oracle\Java\javapath;C:\Windows\system32;C:\Windows;C:\Windows\System32\Wbem;C:\Windows\System32\WindowsPowerShell\v1.0\;%USERPROFILE%\.dnx\bin;C:\Program Files\Microsoft DNX\Dnvm\;C:\Program Files (x86)\Windows Kits\10\Windows Performance Toolkit\;C:\Program Files (x86)\Microsoft SQL Server\100\Tools\Binn\;C:\Program Files\Microsoft SQL Server\100\Tools\Binn\;C:\Program Files\Microsoft SQL Server\100\DTS\Binn\;D:\cocos2d-x\cocos2d-x-3.13.1\templates;D:\cocos2d-x\cocos2d-x-3.13.1\tools\cocos2d-console\bin;D:\android_SDK\android-sdk-windows\platform-tools;D:\android_SDK\android-sdk-windows\tools;D:\android_SDK\android-sdk-windows\build-tools;C:\Program Files (x86)\Java\jdk1.8.0_60\bin;C:\Program Files (x86)\Java\jre1.8.0_60\bin;D:\android_SDK\android-sdk-windows\platform-tools;D:\apache-ant-1.9.7\bin;E:\eclipse;]
17:08:36 **** Clean-only build of configuration Release for project hellocc ****
python D:/cocosExample/hellocc/proj.android/build_native.py -b release clean 
Cannot run program "python": Launching failed

Error: Program "python" not found in PATH
PATH=[C:/Program Files (x86)/Java/jre1.8.0_60/bin/client;C:/Program Files (x86)/Java/jre1.8.0_60/bin;C:/Program Files (x86)/Java/jre1.8.0_60/lib/i386;E:\app\Administrator\product\12.1.0\dbhome_1\bin;D:\orcal\product\12.1.0\dbhome_1\bin;D:\oracle\product\10.2.0\db_1\bin;C:\Users\Administrator\oracle\db\bin;C:\ProgramData\Oracle\Java\javapath;C:\Windows\system32;C:\Windows;C:\Windows\System32\Wbem;C:\Windows\System32\WindowsPowerShell\v1.0\;%USERPROFILE%\.dnx\bin;C:\Program Files\Microsoft DNX\Dnvm\;C:\Program Files (x86)\Windows Kits\10\Windows Performance Toolkit\;C:\Program Files (x86)\Microsoft SQL Server\100\Tools\Binn\;C:\Program Files\Microsoft SQL Server\100\Tools\Binn\;C:\Program Files\Microsoft SQL Server\100\DTS\Binn\;D:\cocos2d-x\cocos2d-x-3.13.1\templates;D:\cocos2d-x\cocos2d-x-3.13.1\tools\cocos2d-console\bin;D:\android_SDK\android-sdk-windows\platform-tools;D:\android_SDK\android-sdk-windows\tools;D:\android_SDK\android-sdk-windows\build-tools;C:\Program Files (x86)\Java\jdk1.8.0_60\bin;C:\Program Files (x86)\Java\jre1.8.0_60\bin;D:\android_SDK\android-sdk-windows\platform-tools;D:\apache-ant-1.9.7\bin;E:\eclipse;]
17:08:45 **** Build of configuration Release for project hellocc ****
python D:/cocosExample/hellocc/proj.android/build_native.py -b release all 
Cannot run program "python": Launching failed

Error: Program "python" not found in PATH
PATH=[C:/Program Files (x86)/Java/jre1.8.0_60/bin/client;C:/Program Files (x86)/Java/jre1.8.0_60/bin;C:/Program Files (x86)/Java/jre1.8.0_60/lib/i386;E:\app\Administrator\product\12.1.0\dbhome_1\bin;D:\orcal\product\12.1.0\dbhome_1\bin;D:\oracle\product\10.2.0\db_1\bin;C:\Users\Administrator\oracle\db\bin;C:\ProgramData\Oracle\Java\javapath;C:\Windows\system32;C:\Windows;C:\Windows\System32\Wbem;C:\Windows\System32\WindowsPowerShell\v1.0\;%USERPROFILE%\.dnx\bin;C:\Program Files\Microsoft DNX\Dnvm\;C:\Program Files (x86)\Windows Kits\10\Windows Performance Toolkit\;C:\Program Files (x86)\Microsoft SQL Server\100\Tools\Binn\;C:\Program Files\Microsoft SQL Server\100\Tools\Binn\;C:\Program Files\Microsoft SQL Server\100\DTS\Binn\;D:\cocos2d-x\cocos2d-x-3.13.1\templates;D:\cocos2d-x\cocos2d-x-3.13.1\tools\cocos2d-console\bin;D:\android_SDK\android-sdk-windows\platform-tools;D:\android_SDK\android-sdk-windows\tools;D:\android_SDK\android-sdk-windows\build-tools;C:\Program Files (x86)\Java\jdk1.8.0_60\bin;C:\Program Files (x86)\Java\jre1.8.0_60\bin;D:\android_SDK\android-sdk-windows\platform-tools;D:\apache-ant-1.9.7\bin;E:\eclipse;]
17:34:02 **** Build of configuration Release for project hellocc ****
python D:/cocosExample/hellocc/proj.android/build_native.py -b release all 
Cannot run program "python": Launching failed

Error: Program "python" not found in PATH
PATH=[C:/Program Files (x86)/Java/jre1.8.0_60/bin/client;C:/Program Files (x86)/Java/jre1.8.0_60/bin;C:/Program Files (x86)/Java/jre1.8.0_60/lib/i386;E:\app\Administrator\product\12.1.0\dbhome_1\bin;D:\orcal\product\12.1.0\dbhome_1\bin;D:\oracle\product\10.2.0\db_1\bin;C:\Users\Administrator\oracle\db\bin;C:\ProgramData\Oracle\Java\javapath;C:\Windows\system32;C:\Windows;C:\Windows\System32\Wbem;C:\Windows\System32\WindowsPowerShell\v1.0\;%USERPROFILE%\.dnx\bin;C:\Program Files\Microsoft DNX\Dnvm\;C:\Program Files (x86)\Windows Kits\10\Windows Performance Toolkit\;C:\Program Files (x86)\Microsoft SQL Server\100\Tools\Binn\;C:\Program Files\Microsoft SQL Server\100\Tools\Binn\;C:\Program Files\Microsoft SQL Server\100\DTS\Binn\;D:\cocos2d-x\cocos2d-x-3.13.1\templates;D:\cocos2d-x\cocos2d-x-3.13.1\tools\cocos2d-console\bin;D:\android_SDK\android-sdk-windows\platform-tools;D:\android_SDK\android-sdk-windows\tools;D:\android_SDK\android-sdk-windows\build-tools;C:\Program Files (x86)\Java\jdk1.8.0_60\bin;C:\Program Files (x86)\Java\jre1.8.0_60\bin;D:\android_SDK\android-sdk-windows\platform-tools;D:\apache-ant-1.9.7\bin;E:\eclipse;]
17:39:25 **** Clean-only build of configuration Release for project hellocc ****
python D:/cocosExample/hellocc/proj.android/build_native.py -b release clean 
Cannot run program "python": Launching failed

Error: Program "python" not found in PATH
PATH=[C:/Program Files (x86)/Java/jre1.8.0_60/bin/client;C:/Program Files (x86)/Java/jre1.8.0_60/bin;C:/Program Files (x86)/Java/jre1.8.0_60/lib/i386;E:\app\Administrator\product\12.1.0\dbhome_1\bin;D:\orcal\product\12.1.0\dbhome_1\bin;D:\oracle\product\10.2.0\db_1\bin;C:\Users\Administrator\oracle\db\bin;C:\ProgramData\Oracle\Java\javapath;C:\Windows\system32;C:\Windows;C:\Windows\System32\Wbem;C:\Windows\System32\WindowsPowerShell\v1.0\;%USERPROFILE%\.dnx\bin;C:\Program Files\Microsoft DNX\Dnvm\;C:\Program Files (x86)\Windows Kits\10\Windows Performance Toolkit\;C:\Program Files (x86)\Microsoft SQL Server\100\Tools\Binn\;C:\Program Files\Microsoft SQL Server\100\Tools\Binn\;C:\Program Files\Microsoft SQL Server\100\DTS\Binn\;D:\cocos2d-x\cocos2d-x-3.13.1\templates;D:\cocos2d-x\cocos2d-x-3.13.1\tools\cocos2d-console\bin;D:\android_SDK\android-sdk-windows\platform-tools;D:\android_SDK\android-sdk-windows\tools;D:\android_SDK\android-sdk-windows\build-tools;C:\Program Files (x86)\Java\jdk1.8.0_60\bin;C:\Program Files (x86)\Java\jre1.8.0_60\bin;D:\android_SDK\android-sdk-windows\platform-tools;D:\apache-ant-1.9.7\bin;E:\eclipse;]
17:39:31 **** Build of configuration Release for project hellocc ****
python D:/cocosExample/hellocc/proj.android/build_native.py -b release all 
Cannot run program "python": Launching failed

Error: Program "python" not found in PATH
PATH=[C:/Program Files (x86)/Java/jre1.8.0_60/bin/client;C:/Program Files (x86)/Java/jre1.8.0_60/bin;C:/Program Files (x86)/Java/jre1.8.0_60/lib/i386;E:\app\Administrator\product\12.1.0\dbhome_1\bin;D:\orcal\product\12.1.0\dbhome_1\bin;D:\oracle\product\10.2.0\db_1\bin;C:\Users\Administrator\oracle\db\bin;C:\ProgramData\Oracle\Java\javapath;C:\Windows\system32;C:\Windows;C:\Windows\System32\Wbem;C:\Windows\System32\WindowsPowerShell\v1.0\;%USERPROFILE%\.dnx\bin;C:\Program Files\Microsoft DNX\Dnvm\;C:\Program Files (x86)\Windows Kits\10\Windows Performance Toolkit\;C:\Program Files (x86)\Microsoft SQL Server\100\Tools\Binn\;C:\Program Files\Microsoft SQL Server\100\Tools\Binn\;C:\Program Files\Microsoft SQL Server\100\DTS\Binn\;D:\cocos2d-x\cocos2d-x-3.13.1\templates;D:\cocos2d-x\cocos2d-x-3.13.1\tools\cocos2d-console\bin;D:\android_SDK\android-sdk-windows\platform-tools;D:\android_SDK\android-sdk-windows\tools;D:\android_SDK\android-sdk-windows\build-tools;C:\Program Files (x86)\Java\jdk1.8.0_60\bin;C:\Program Files (x86)\Java\jre1.8.0_60\bin;D:\android_SDK\android-sdk-windows\platform-tools;D:\apache-ant-1.9.7\bin;E:\eclipse;]
19:09:31 **** Clean-only build of configuration Release for project hellocc ****
python D:/cocosExample/hellocc/proj.android/build_native.py -b release clean 
Cannot run program "python": Launching failed

Error: Program "python" not found in PATH
PATH=[C:/Program Files (x86)/Java/jre1.8.0_60/bin/client;C:/Program Files (x86)/Java/jre1.8.0_60/bin;C:/Program Files (x86)/Java/jre1.8.0_60/lib/i386;E:\app\Administrator\product\12.1.0\dbhome_1\bin;D:\orcal\product\12.1.0\dbhome_1\bin;D:\oracle\product\10.2.0\db_1\bin;C:\Users\Administrator\oracle\db\bin;C:\ProgramData\Oracle\Java\javapath;C:\Windows\system32;C:\Windows;C:\Windows\System32\Wbem;C:\Windows\System32\WindowsPowerShell\v1.0\;%USERPROFILE%\.dnx\bin;C:\Program Files\Microsoft DNX\Dnvm\;C:\Program Files (x86)\Windows Kits\10\Windows Performance Toolkit\;C:\Program Files (x86)\Microsoft SQL Server\100\Tools\Binn\;C:\Program Files\Microsoft SQL Server\100\Tools\Binn\;C:\Program Files\Microsoft SQL Server\100\DTS\Binn\;D:\cocos2d-x\cocos2d-x-3.13.1\templates;D:\cocos2d-x\cocos2d-x-3.13.1\tools\cocos2d-console\bin;D:\android_SDK\android-sdk-windows\platform-tools;D:\android_SDK\android-sdk-windows\tools;D:\android_SDK\android-sdk-windows\build-tools;C:\Program Files (x86)\Java\jdk1.8.0_60\bin;C:\Program Files (x86)\Java\jre1.8.0_60\bin;D:\android_SDK\android-sdk-windows\platform-tools;D:\apache-ant-1.9.7\bin;D:\android-ndk-r10d\android-ndk-r10d;;E:\eclipse;]
19:09:42 **** Build of configuration Release for project hellocc ****
python D:/cocosExample/hellocc/proj.android/build_native.py -b release all 
Cannot run program "python": Launching failed

Error: Program "python" not found in PATH
PATH=[C:/Program Files (x86)/Java/jre1.8.0_60/bin/client;C:/Program Files (x86)/Java/jre1.8.0_60/bin;C:/Program Files (x86)/Java/jre1.8.0_60/lib/i386;E:\app\Administrator\product\12.1.0\dbhome_1\bin;D:\orcal\product\12.1.0\dbhome_1\bin;D:\oracle\product\10.2.0\db_1\bin;C:\Users\Administrator\oracle\db\bin;C:\ProgramData\Oracle\Java\javapath;C:\Windows\system32;C:\Windows;C:\Windows\System32\Wbem;C:\Windows\System32\WindowsPowerShell\v1.0\;%USERPROFILE%\.dnx\bin;C:\Program Files\Microsoft DNX\Dnvm\;C:\Program Files (x86)\Windows Kits\10\Windows Performance Toolkit\;C:\Program Files (x86)\Microsoft SQL Server\100\Tools\Binn\;C:\Program Files\Microsoft SQL Server\100\Tools\Binn\;C:\Program Files\Microsoft SQL Server\100\DTS\Binn\;D:\cocos2d-x\cocos2d-x-3.13.1\templates;D:\cocos2d-x\cocos2d-x-3.13.1\tools\cocos2d-console\bin;D:\android_SDK\android-sdk-windows\platform-tools;D:\android_SDK\android-sdk-windows\tools;D:\android_SDK\android-sdk-windows\build-tools;C:\Program Files (x86)\Java\jdk1.8.0_60\bin;C:\Program Files (x86)\Java\jre1.8.0_60\bin;D:\android_SDK\android-sdk-windows\platform-tools;D:\apache-ant-1.9.7\bin;D:\android-ndk-r10d\android-ndk-r10d;;E:\eclipse;]
19:14:41 **** Clean-only build of configuration Release for project hellocc ****
python D:/cocosExample/hellocc/proj.android/build_native.py -b release clean 
Cannot run program "python": Launching failed

Error: Program "python" not found in PATH
PATH=[C:/Program Files (x86)/Java/jre1.8.0_60/bin/client;C:/Program Files (x86)/Java/jre1.8.0_60/bin;C:/Program Files (x86)/Java/jre1.8.0_60/lib/i386;E:\app\Administrator\product\12.1.0\dbhome_1\bin;D:\orcal\product\12.1.0\dbhome_1\bin;D:\oracle\product\10.2.0\db_1\bin;C:\Users\Administrator\oracle\db\bin;C:\ProgramData\Oracle\Java\javapath;C:\Windows\system32;C:\Windows;C:\Windows\System32\Wbem;C:\Windows\System32\WindowsPowerShell\v1.0\;%USERPROFILE%\.dnx\bin;C:\Program Files\Microsoft DNX\Dnvm\;C:\Program Files (x86)\Windows Kits\10\Windows Performance Toolkit\;C:\Program Files (x86)\Microsoft SQL Server\100\Tools\Binn\;C:\Program Files\Microsoft SQL Server\100\Tools\Binn\;C:\Program Files\Microsoft SQL Server\100\DTS\Binn\;D:\cocos2d-x\cocos2d-x-3.13.1\templates;D:\cocos2d-x\cocos2d-x-3.13.1\tools\cocos2d-console\bin;D:\android_SDK\android-sdk-windows\platform-tools;D:\android_SDK\android-sdk-windows\tools;D:\android_SDK\android-sdk-windows\build-tools;C:\Program Files (x86)\Java\jdk1.8.0_60\bin;C:\Program Files (x86)\Java\jre1.8.0_60\bin;D:\android_SDK\android-sdk-windows\platform-tools;D:\apache-ant-1.9.7\bin;D:\android-ndk-r10d\android-ndk-r10d;;E:\eclipse;]
19:14:48 **** Build of configuration Release for project hellocc ****
python D:/cocosExample/hellocc/proj.android/build_native.py -b release all 
Cannot run program "python": Launching failed

Error: Program "python" not found in PATH
PATH=[C:/Program Files (x86)/Java/jre1.8.0_60/bin/client;C:/Program Files (x86)/Java/jre1.8.0_60/bin;C:/Program Files (x86)/Java/jre1.8.0_60/lib/i386;E:\app\Administrator\product\12.1.0\dbhome_1\bin;D:\orcal\product\12.1.0\dbhome_1\bin;D:\oracle\product\10.2.0\db_1\bin;C:\Users\Administrator\oracle\db\bin;C:\ProgramData\Oracle\Java\javapath;C:\Windows\system32;C:\Windows;C:\Windows\System32\Wbem;C:\Windows\System32\WindowsPowerShell\v1.0\;%USERPROFILE%\.dnx\bin;C:\Program Files\Microsoft DNX\Dnvm\;C:\Program Files (x86)\Windows Kits\10\Windows Performance Toolkit\;C:\Program Files (x86)\Microsoft SQL Server\100\Tools\Binn\;C:\Program Files\Microsoft SQL Server\100\Tools\Binn\;C:\Program Files\Microsoft SQL Server\100\DTS\Binn\;D:\cocos2d-x\cocos2d-x-3.13.1\templates;D:\cocos2d-x\cocos2d-x-3.13.1\tools\cocos2d-console\bin;D:\android_SDK\android-sdk-windows\platform-tools;D:\android_SDK\android-sdk-windows\tools;D:\android_SDK\android-sdk-windows\build-tools;C:\Program Files (x86)\Java\jdk1.8.0_60\bin;C:\Program Files (x86)\Java\jre1.8.0_60\bin;D:\android_SDK\android-sdk-windows\platform-tools;D:\apache-ant-1.9.7\bin;D:\android-ndk-r10d\android-ndk-r10d;;E:\eclipse;]
19:17:01 **** Clean-only build of configuration Release for project hellocc ****
python D:/cocosExample/hellocc/proj.android/build_native.py -b release clean 
Cannot run program "python": Launching failed

Error: Program "python" not found in PATH
PATH=[C:/Program Files (x86)/Java/jre1.8.0_60/bin/client;C:/Program Files (x86)/Java/jre1.8.0_60/bin;C:/Program Files (x86)/Java/jre1.8.0_60/lib/i386;E:\app\Administrator\product\12.1.0\dbhome_1\bin;D:\orcal\product\12.1.0\dbhome_1\bin;D:\oracle\product\10.2.0\db_1\bin;C:\Users\Administrator\oracle\db\bin;C:\ProgramData\Oracle\Java\javapath;C:\Windows\system32;C:\Windows;C:\Windows\System32\Wbem;C:\Windows\System32\WindowsPowerShell\v1.0\;%USERPROFILE%\.dnx\bin;C:\Program Files\Microsoft DNX\Dnvm\;C:\Program Files (x86)\Windows Kits\10\Windows Performance Toolkit\;C:\Program Files (x86)\Microsoft SQL Server\100\Tools\Binn\;C:\Program Files\Microsoft SQL Server\100\Tools\Binn\;C:\Program Files\Microsoft SQL Server\100\DTS\Binn\;D:\cocos2d-x\cocos2d-x-3.13.1\templates;D:\cocos2d-x\cocos2d-x-3.13.1\tools\cocos2d-console\bin;D:\android_SDK\android-sdk-windows\platform-tools;D:\android_SDK\android-sdk-windows\tools;D:\android_SDK\android-sdk-windows\build-tools;C:\Program Files (x86)\Java\jdk1.8.0_60\bin;C:\Program Files (x86)\Java\jre1.8.0_60\bin;D:\android_SDK\android-sdk-windows\platform-tools;D:\apache-ant-1.9.7\bin;D:\android-ndk-r10d\android-ndk-r10d;;E:\eclipse;]
19:17:02 **** Build of configuration Release for project hellocc ****
python D:/cocosExample/hellocc/proj.android/build_native.py -b release all 
Cannot run program "python": Launching failed

Error: Program "python" not found in PATH
PATH=[C:/Program Files (x86)/Java/jre1.8.0_60/bin/client;C:/Program Files (x86)/Java/jre1.8.0_60/bin;C:/Program Files (x86)/Java/jre1.8.0_60/lib/i386;E:\app\Administrator\product\12.1.0\dbhome_1\bin;D:\orcal\product\12.1.0\dbhome_1\bin;D:\oracle\product\10.2.0\db_1\bin;C:\Users\Administrator\oracle\db\bin;C:\ProgramData\Oracle\Java\javapath;C:\Windows\system32;C:\Windows;C:\Windows\System32\Wbem;C:\Windows\System32\WindowsPowerShell\v1.0\;%USERPROFILE%\.dnx\bin;C:\Program Files\Microsoft DNX\Dnvm\;C:\Program Files (x86)\Windows Kits\10\Windows Performance Toolkit\;C:\Program Files (x86)\Microsoft SQL Server\100\Tools\Binn\;C:\Program Files\Microsoft SQL Server\100\Tools\Binn\;C:\Program Files\Microsoft SQL Server\100\DTS\Binn\;D:\cocos2d-x\cocos2d-x-3.13.1\templates;D:\cocos2d-x\cocos2d-x-3.13.1\tools\cocos2d-console\bin;D:\android_SDK\android-sdk-windows\platform-tools;D:\android_SDK\android-sdk-windows\tools;D:\android_SDK\android-sdk-windows\build-tools;C:\Program Files (x86)\Java\jdk1.8.0_60\bin;C:\Program Files (x86)\Java\jre1.8.0_60\bin;D:\android_SDK\android-sdk-windows\platform-tools;D:\apache-ant-1.9.7\bin;D:\android-ndk-r10d\android-ndk-r10d;;E:\eclipse;]
10:47:55 **** Build of configuration Release for project hellocc ****
python D:/cocosExample/hellocc/proj.android/build_native.py -b release all 
python: can't open file 'D:/cocosExample/hellocc/proj.android/build_native.py': [Errno 2] No such file or directory
11:01:04 **** Incremental Build of configuration Release for project hellocc ****
python D:/cocosExample/hellocc/proj.android/build_native.py -b release all 
python: can't open file 'D:/cocosExample/hellocc/proj.android/build_native.py': [Errno 2] No such file or directory
11:03:02 **** Build of configuration Release for project hellocc ****
python D:/cocosExample/hellocc/proj.android/build_native.py -b release all 
python: can't open file 'D:/cocosExample/hellocc/proj.android/build_native.py': [Errno 2] No such file or directory
11:03:59 **** Incremental Build of configuration Release for project hellocc ****
python D:/cocosExample/hellocc/proj.android/build_native.py -b release all 
python: can't open file 'D:/cocosExample/hellocc/proj.android/build_native.py': [Errno 2] No such file or directory
11:07:00 **** Incremental Build of configuration Release for project hellocc ****
python D:/cocosExample/hellocc/proj.android/build_native.py -b release all 
python: can't open file 'D:/cocosExample/hellocc/proj.android/build_native.py': [Errno 2] No such file or directory
11:12:05 **** Incremental Build of configuration Release for project hellocc ****
python D:/cocosExample/hellocc/proj.android/build_native.py -b release all 
Android NDK: WARNING: APP_PLATFORM android-21 is larger than android:minSdkVersion 9 in ./AndroidManifest.xml    
make.exe: Entering directory `D:/cocosExample/hellocc/proj.android'
[armeabi] Compile++ arm  : cocostudio_static <= WidgetReader.cpp
[armeabi] Compile++ arm  : cocostudio_static <= FlatBuffersSerialize.cpp
[armeabi] Compile++ arm  : cocostudio_static <= WidgetCallBackHandlerProtocol.cpp
[armeabi] Compile++ arm  : cocostudio_static <= CCComExtensionData.cpp
[armeabi] Compile++ arm  : cocostudio_static <= CocoStudio.cpp
[armeabi] Compile++ arm  : cocos_ui_static <= UILayoutComponent.cpp
[armeabi] Compile++ arm  : cocos_ui_static <= UITabControl.cpp
[armeabi] Compile++ thumb: audioengine_static <= CCThreadPool.cpp
[armeabi] Compile++ thumb: audioengine_static <= AssetFd.cpp
[armeabi] Compile++ thumb: audioengine_static <= AudioDecoder.cpp
[armeabi] Compile++ thumb: audioengine_static <= AudioPlayerProvider.cpp
[armeabi] Compile++ thumb: audioengine_static <= AudioResampler.cpp
[armeabi] Compile++ thumb: audioengine_static <= AudioResamplerCubic.cpp
[armeabi] Compile++ thumb: audioengine_static <= PcmBufferProvider.cpp
[armeabi] Compile++ thumb: audioengine_static <= PcmAudioPlayer.cpp
[armeabi] Compile++ thumb: audioengine_static <= UrlAudioPlayer.cpp
[armeabi] Compile++ thumb: audioengine_static <= PcmData.cpp
[armeabi] Compile++ thumb: audioengine_static <= AudioMixerController.cpp
[armeabi] Compile++ thumb: audioengine_static <= AudioMixer.cpp
[armeabi] Compile++ thumb: audioengine_static <= PcmAudioService.cpp
[armeabi] Compile++ thumb: audioengine_static <= Track.cpp
[armeabi] Compile++ thumb: MyGame_shared <= main.cpp
[armeabi] Compile++ thumb: MyGame_shared <= AppDelegate.cpp
[armeabi] Compile++ thumb: MyGame_shared <= HelloWorldScene.cpp
[armeabi] Compile++ arm  : cocostudio_static <= CCActionFrame.cpp
[armeabi] Compile++ arm  : cocostudio_static <= CCActionFrameEasing.cpp
[armeabi] Compile++ arm  : cocostudio_static <= CCActionManagerEx.cpp
[armeabi] Compile++ arm  : cocostudio_static <= CCActionNode.cpp
[armeabi] Compile++ arm  : cocostudio_static <= CCActionObject.cpp
[armeabi] Compile++ arm  : cocostudio_static <= CCArmature.cpp
[armeabi] Compile++ arm  : cocostudio_static <= CCBone.cpp
[armeabi] Compile++ arm  : cocostudio_static <= CCArmatureAnimation.cpp
[armeabi] Compile++ arm  : cocostudio_static <= CCProcessBase.cpp
[armeabi] Compile++ arm  : cocostudio_static <= CCTween.cpp
[armeabi] Compile++ arm  : cocostudio_static <= CCDatas.cpp
[armeabi] Compile++ arm  : cocostudio_static <= CCBatchNode.cpp
[armeabi] Compile++ arm  : cocostudio_static <= CCDecorativeDisplay.cpp
[armeabi] Compile++ arm  : cocostudio_static <= CCDisplayFactory.cpp
[armeabi] Compile++ arm  : cocostudio_static <= CCDisplayManager.cpp
[armeabi] Compile++ arm  : cocostudio_static <= CCSkin.cpp
[armeabi] Compile++ arm  : cocostudio_static <= CCColliderDetector.cpp
[armeabi] Compile++ arm  : cocostudio_static <= CCArmatureDataManager.cpp
[armeabi] Compile++ arm  : cocostudio_static <= CCArmatureDefine.cpp
[armeabi] Compile++ arm  : cocostudio_static <= CCDataReaderHelper.cpp
[armeabi] Compile++ arm  : cocostudio_static <= CCSpriteFrameCacheHelper.cpp
[armeabi] Compile++ arm  : cocostudio_static <= CCTransformHelp.cpp
[armeabi] Compile++ arm  : cocostudio_static <= CCUtilMath.cpp
[armeabi] Compile++ arm  : cocostudio_static <= CCComAttribute.cpp
[armeabi] Compile++ arm  : cocostudio_static <= CCComAudio.cpp
[armeabi] Compile++ arm  : cocostudio_static <= CCComController.cpp
[armeabi] Compile++ arm  : cocostudio_static <= CCComRender.cpp
[armeabi] Compile++ arm  : cocostudio_static <= CCInputDelegate.cpp
[armeabi] Compile++ arm  : cocostudio_static <= DictionaryHelper.cpp
[armeabi] Compile++ arm  : cocostudio_static <= LocalizationManager.cpp
[armeabi] Compile++ arm  : cocostudio_static <= CCSGUIReader.cpp
[armeabi] Compile++ arm  : cocostudio_static <= CCSSceneReader.cpp
[armeabi] Compile++ arm  : cocostudio_static <= TriggerBase.cpp
[armeabi] Compile++ arm  : cocostudio_static <= TriggerMng.cpp
[armeabi] Compile++ arm  : cocostudio_static <= TriggerObj.cpp
[armeabi] Compile++ arm  : cocostudio_static <= CocoLoader.cpp
[armeabi] Compile++ arm  : cocostudio_static <= NodeReader.cpp
[armeabi] Compile++ arm  : cocostudio_static <= SingleNodeReader.cpp
[armeabi] Compile++ arm  : cocostudio_static <= SpriteReader.cpp
[armeabi] Compile++ arm  : cocostudio_static <= ParticleReader.cpp
[armeabi] Compile++ arm  : cocostudio_static <= GameMapReader.cpp
[armeabi] Compile++ arm  : cocostudio_static <= ProjectNodeReader.cpp
[armeabi] Compile++ arm  : cocostudio_static <= ComAudioReader.cpp
[armeabi] Compile++ arm  : cocostudio_static <= ButtonReader.cpp
[armeabi] Compile++ arm  : cocostudio_static <= CheckBoxReader.cpp
[armeabi] Compile++ arm  : cocostudio_static <= ImageViewReader.cpp
[armeabi] Compile++ arm  : cocostudio_static <= LayoutReader.cpp
[armeabi] Compile++ arm  : cocostudio_static <= ListViewReader.cpp
[armeabi] Compile++ arm  : cocostudio_static <= LoadingBarReader.cpp
[armeabi] Compile++ arm  : cocostudio_static <= PageViewReader.cpp
[armeabi] Compile++ arm  : cocostudio_static <= ScrollViewReader.cpp
[armeabi] Compile++ arm  : cocostudio_static <= SliderReader.cpp
[armeabi] Compile++ arm  : cocostudio_static <= TextAtlasReader.cpp
[armeabi] Compile++ arm  : cocostudio_static <= TextBMFontReader.cpp
[armeabi] Compile++ arm  : cocostudio_static <= TextFieldReader.cpp
[armeabi] Compile++ arm  : cocostudio_static <= TextReader.cpp
[armeabi] Compile++ arm  : cocostudio_static <= Node3DReader.cpp
[armeabi] Compile++ arm  : cocostudio_static <= Sprite3DReader.cpp
[armeabi] Compile++ arm  : cocostudio_static <= UserCameraReader.cpp
[armeabi] Compile++ arm  : cocostudio_static <= Particle3DReader.cpp
[armeabi] Compile++ arm  : cocostudio_static <= BoneNodeReader.cpp
[armeabi] Compile++ arm  : cocostudio_static <= SkeletonNodeReader.cpp
[armeabi] Compile++ arm  : cocostudio_static <= GameNode3DReader.cpp
[armeabi] Compile++ arm  : cocostudio_static <= Light3DReader.cpp
[armeabi] Compile++ arm  : cocostudio_static <= CCActionTimelineCache.cpp
[armeabi] Compile++ arm  : cocostudio_static <= CCFrame.cpp
[armeabi] Compile++ arm  : cocostudio_static <= CCTimeLine.cpp
[armeabi] Compile++ arm  : cocostudio_static <= CCActionTimeline.cpp
[armeabi] Compile++ arm  : cocostudio_static <= CCActionTimelineNode.cpp
[armeabi] Compile++ arm  : cocostudio_static <= CSLoader.cpp
[armeabi] Compile++ arm  : cocostudio_static <= CCBoneNode.cpp
[armeabi] Compile++ arm  : cocostudio_static <= CCSkeletonNode.cpp
[armeabi] Compile++ arm  : cocostudio_static <= CCSkinNode.cpp
[armeabi] Compile++ arm  : cocostudio_static <= ArmatureNodeReader.cpp
[armeabi] Compile++ arm  : cocostudio_static <= TabControlReader.cpp
[armeabi] Compile++ arm  : cocosbuilder_static <= CCBAnimationManager.cpp
[armeabi] Compile++ arm  : cocosbuilder_static <= CCBFileLoader.cpp
[armeabi] Compile++ arm  : cocosbuilder_static <= CCBKeyframe.cpp
[armeabi] Compile++ arm  : cocosbuilder_static <= CCBReader.cpp
[armeabi] Compile++ arm  : cocosbuilder_static <= CCBSequence.cpp
[armeabi] Compile++ arm  : cocosbuilder_static <= CCBSequenceProperty.cpp
[armeabi] Compile++ arm  : cocosbuilder_static <= CCControlButtonLoader.cpp
[armeabi] Compile++ arm  : cocosbuilder_static <= CCControlLoader.cpp
[armeabi] Compile++ arm  : cocosbuilder_static <= CCLabelBMFontLoader.cpp
[armeabi] Compile++ arm  : cocosbuilder_static <= CCLabelTTFLoader.cpp
[armeabi] Compile++ arm  : cocosbuilder_static <= CCLayerColorLoader.cpp
[armeabi] Compile++ arm  : cocosbuilder_static <= CCLayerGradientLoader.cpp
[armeabi] Compile++ arm  : cocosbuilder_static <= CCLayerLoader.cpp
[armeabi] Compile++ arm  : cocosbuilder_static <= CCMenuItemImageLoader.cpp
[armeabi] Compile++ arm  : cocosbuilder_static <= CCMenuItemLoader.cpp
[armeabi] Compile++ arm  : cocosbuilder_static <= CCNode+CCBRelativePositioning.cpp
[armeabi] Compile++ arm  : cocosbuilder_static <= CCNodeLoader.cpp
[armeabi] Compile++ arm  : cocosbuilder_static <= CCNodeLoaderLibrary.cpp
[armeabi] Compile++ arm  : cocosbuilder_static <= CCParticleSystemQuadLoader.cpp
[armeabi] Compile++ arm  : cocosbuilder_static <= CCScale9SpriteLoader.cpp
[armeabi] Compile++ arm  : cocosbuilder_static <= CCScrollViewLoader.cpp
[armeabi] Compile++ arm  : cocosbuilder_static <= CCSpriteLoader.cpp
[armeabi] Compile++ arm  : cocos3d_static <= CCRay.cpp
[armeabi] Compile++ arm  : cocos3d_static <= CCAABB.cpp
[armeabi] Compile++ arm  : cocos3d_static <= CCOBB.cpp
[armeabi] Compile++ arm  : cocos3d_static <= CCAnimate3D.cpp
[armeabi] Compile++ arm  : cocos3d_static <= CCAnimation3D.cpp
[armeabi] Compile++ arm  : cocos3d_static <= CCAttachNode.cpp
[armeabi] Compile++ arm  : cocos3d_static <= CCBillBoard.cpp
[armeabi] Compile++ arm  : cocos3d_static <= CCBundle3D.cpp
[armeabi] Compile++ arm  : cocos3d_static <= CCBundleReader.cpp
[armeabi] Compile++ arm  : cocos3d_static <= CCMeshSkin.cpp
[armeabi] Compile++ arm  : cocos3d_static <= CCMesh.cpp
[armeabi] Compile++ arm  : cocos3d_static <= CCMeshVertexIndexData.cpp
[armeabi] Compile++ arm  : cocos3d_static <= CCMotionStreak3D.cpp
[armeabi] Compile++ arm  : cocos3d_static <= CCSprite3DMaterial.cpp
[armeabi] Compile++ arm  : cocos3d_static <= CCObjLoader.cpp
[armeabi] Compile++ arm  : cocos3d_static <= CCSkeleton3D.cpp
[armeabi] Compile++ arm  : cocos3d_static <= CCSprite3D.cpp
[armeabi] Compile++ arm  : cocos3d_static <= CCTerrain.cpp
[armeabi] Compile++ arm  : cocos3d_static <= CCSkybox.cpp
[armeabi] Compile arm    : spine_static <= Animation.c
[armeabi] Compile arm    : spine_static <= AnimationState.c
[armeabi] Compile arm    : spine_static <= AnimationStateData.c
[armeabi] Compile arm    : spine_static <= Atlas.c
[armeabi] Compile arm    : spine_static <= AtlasAttachmentLoader.c
[armeabi] Compile arm    : spine_static <= Attachment.c
[armeabi] Compile arm    : spine_static <= AttachmentLoader.c
[armeabi] Compile++ arm  : spine_static <= AttachmentVertices.cpp
[armeabi] Compile arm    : spine_static <= Bone.c
[armeabi] Compile arm    : spine_static <= BoneData.c
[armeabi] Compile arm    : spine_static <= BoundingBoxAttachment.c
[armeabi] Compile++ arm  : spine_static <= Cocos2dAttachmentLoader.cpp
[armeabi] Compile arm    : spine_static <= Event.c
[armeabi] Compile arm    : spine_static <= EventData.c
[armeabi] Compile arm    : spine_static <= IkConstraint.c
[armeabi] Compile arm    : spine_static <= IkConstraintData.c
[armeabi] Compile arm    : spine_static <= Json.c
[armeabi] Compile arm    : spine_static <= MeshAttachment.c
[armeabi] Compile arm    : spine_static <= PathAttachment.c
[armeabi] Compile arm    : spine_static <= PathConstraint.c
[armeabi] Compile arm    : spine_static <= PathConstraintData.c
[armeabi] Compile arm    : spine_static <= RegionAttachment.c
[armeabi] Compile arm    : spine_static <= Skeleton.c
[armeabi] Compile++ arm  : spine_static <= SkeletonAnimation.cpp
[armeabi] Compile++ arm  : spine_static <= SkeletonBatch.cpp
[armeabi] Compile arm    : spine_static <= SkeletonBounds.c
[armeabi] Compile arm    : spine_static <= SkeletonData.c
[armeabi] Compile arm    : spine_static <= SkeletonJson.c
[armeabi] Compile++ arm  : spine_static <= SkeletonRenderer.cpp
[armeabi] Compile arm    : spine_static <= Skin.c
[armeabi] Compile arm    : spine_static <= Slot.c
[armeabi] Compile arm    : spine_static <= SlotData.c
[armeabi] Compile arm    : spine_static <= TransformConstraint.c
[armeabi] Compile arm    : spine_static <= TransformConstraintData.c
[armeabi] Compile arm    : spine_static <= VertexAttachment.c
[armeabi] Compile arm    : spine_static <= extension.c
[armeabi] Compile++ arm  : spine_static <= spine-cocos2dx.cpp
[armeabi] Compile++ arm  : cocos_ui_static <= UIWidget.cpp
[armeabi] Compile++ arm  : cocos_ui_static <= UILayout.cpp
[armeabi] Compile++ arm  : cocos_ui_static <= UILayoutParameter.cpp
[armeabi] Compile++ arm  : cocos_ui_static <= UILayoutManager.cpp
[armeabi] Compile++ arm  : cocos_ui_static <= CocosGUI.cpp
[armeabi] Compile++ arm  : cocos_ui_static <= UIHelper.cpp
[armeabi] Compile++ arm  : cocos_ui_static <= UIListView.cpp
[armeabi] Compile++ arm  : cocos_ui_static <= UIPageViewIndicator.cpp
[armeabi] Compile++ arm  : cocos_ui_static <= UIPageView.cpp
[armeabi] Compile++ arm  : cocos_ui_static <= UIScrollView.cpp
[armeabi] Compile++ arm  : cocos_ui_static <= UIScrollViewBar.cpp
[armeabi] Compile++ arm  : cocos_ui_static <= UIButton.cpp
[armeabi] Compile++ arm  : cocos_ui_static <= UIAbstractCheckButton.cpp
[armeabi] Compile++ arm  : cocos_ui_static <= UICheckBox.cpp
[armeabi] Compile++ arm  : cocos_ui_static <= UIRadioButton.cpp
[armeabi] Compile++ arm  : cocos_ui_static <= UIImageView.cpp
[armeabi] Compile++ arm  : cocos_ui_static <= UIText.cpp
[armeabi] Compile++ arm  : cocos_ui_static <= UITextAtlas.cpp
[armeabi] Compile++ arm  : cocos_ui_static <= UITextBMFont.cpp
[armeabi] Compile++ arm  : cocos_ui_static <= UILoadingBar.cpp
[armeabi] Compile++ arm  : cocos_ui_static <= UISlider.cpp
[armeabi] Compile++ arm  : cocos_ui_static <= UITextField.cpp
[armeabi] Compile++ arm  : cocos_ui_static <= UIRichText.cpp
[armeabi] Compile++ arm  : cocos_ui_static <= UIHBox.cpp
[armeabi] Compile++ arm  : cocos_ui_static <= UIVBox.cpp
[armeabi] Compile++ arm  : cocos_ui_static <= UIRelativeBox.cpp
[armeabi] Compile++ arm  : cocos_ui_static <= UIVideoPlayer-android.cpp
[armeabi] Compile++ arm  : cocos_ui_static <= UIDeprecated.cpp
[armeabi] Compile++ arm  : cocos_ui_static <= UIScale9Sprite.cpp
[armeabi] Compile++ arm  : cocos_ui_static <= UIWebView.cpp
[armeabi] Compile++ arm  : cocos_ui_static <= UIWebViewImpl-android.cpp
[armeabi] Compile++ arm  : cocos_ui_static <= UIEditBox.cpp
[armeabi] Compile++ arm  : cocos_ui_static <= UIEditBoxImpl-android.cpp
[armeabi] Compile++ arm  : cocos_ui_static <= UIEditBoxImpl-common.cpp
[armeabi] Compile++ thumb: cocosdenshion_static <= cddSimpleAudioEngine.cpp
[armeabi] Compile++ thumb: cocosdenshion_static <= ccdandroidUtils.cpp
[armeabi] Compile++ thumb: cocosdenshion_static <= cddandroidAndroidJavaEngine.cpp
[armeabi] Compile++ arm  : cocos_flatbuffers_static <= flatc.cpp
[armeabi] Compile++ arm  : cocos_flatbuffers_static <= idl_gen_cpp.cpp
[armeabi] Compile++ arm  : cocos_flatbuffers_static <= idl_gen_fbs.cpp
[armeabi] Compile++ arm  : cocos_flatbuffers_static <= idl_gen_general.cpp
[armeabi] Compile++ arm  : cocos_flatbuffers_static <= idl_gen_go.cpp
[armeabi] Compile++ arm  : cocos_flatbuffers_static <= idl_gen_text.cpp
[armeabi] Compile++ arm  : cocos_flatbuffers_static <= idl_parser.cpp
[armeabi] Compile++ arm  : cocos_extension_static <= AssetsManager.cpp
[armeabi] Compile++ arm  : cocos_extension_static <= Manifest.cpp
[armeabi] Compile++ arm  : cocos_extension_static <= AssetsManagerEx.cpp
[armeabi] Compile++ arm  : cocos_extension_static <= CCEventAssetsManagerEx.cpp
[armeabi] Compile++ arm  : cocos_extension_static <= CCEventListenerAssetsManagerEx.cpp
[armeabi] Compile++ arm  : cocos_extension_static <= CCControl.cpp
[armeabi] Compile++ arm  : cocos_extension_static <= CCControlButton.cpp
[armeabi] Compile++ arm  : cocos_extension_static <= CCControlColourPicker.cpp
[armeabi] Compile++ arm  : cocos_extension_static <= CCControlHuePicker.cpp
[armeabi] Compile++ arm  : cocos_extension_static <= CCControlPotentiometer.cpp
[armeabi] Compile++ arm  : cocos_extension_static <= CCControlSaturationBrightnessPicker.cpp
[armeabi] Compile++ arm  : cocos_extension_static <= CCControlSlider.cpp
[armeabi] Compile++ arm  : cocos_extension_static <= CCControlStepper.cpp
[armeabi] Compile++ arm  : cocos_extension_static <= CCControlSwitch.cpp
[armeabi] Compile++ arm  : cocos_extension_static <= CCControlUtils.cpp
[armeabi] Compile++ arm  : cocos_extension_static <= CCInvocation.cpp
[armeabi] Compile++ arm  : cocos_extension_static <= CCScrollView.cpp
[armeabi] Compile++ arm  : cocos_extension_static <= CCTableView.cpp
[armeabi] Compile++ arm  : cocos_extension_static <= CCTableViewCell.cpp
[armeabi] Compile++ arm  : cocos_extension_static <= CCPhysicsDebugNode.cpp
[armeabi] Compile++ arm  : cocos_extension_static <= CCPhysicsSprite.cpp
[armeabi] Compile++ arm  : cocos_extension_static <= CCParticle3DAffector.cpp
[armeabi] Compile++ arm  : cocos_extension_static <= CCParticle3DEmitter.cpp
[armeabi] Compile++ arm  : cocos_extension_static <= CCParticle3DRender.cpp
[armeabi] Compile++ arm  : cocos_extension_static <= CCParticleSystem3D.cpp
[armeabi] Compile++ arm  : cocos_extension_static <= CCPUDynamicAttribute.cpp
[armeabi] Compile++ arm  : cocos_extension_static <= CCPUDynamicAttributeTranslator.cpp
[armeabi] Compile++ arm  : cocos_extension_static <= CCPUForceField.cpp
[armeabi] Compile++ arm  : cocos_extension_static <= CCPUMaterialManager.cpp
[armeabi] Compile++ arm  : cocos_extension_static <= CCPUMaterialTranslator.cpp
[armeabi] Compile++ arm  : cocos_extension_static <= CCPUNoise.cpp
[armeabi] Compile++ arm  : cocos_extension_static <= CCPUPlane.cpp
[armeabi] Compile++ arm  : cocos_extension_static <= CCPURendererTranslator.cpp
[armeabi] Compile++ arm  : cocos_extension_static <= CCPUScriptCompiler.cpp
[armeabi] Compile++ arm  : cocos_extension_static <= CCPUScriptLexer.cpp
[armeabi] Compile++ arm  : cocos_extension_static <= CCPUScriptParser.cpp
[armeabi] Compile++ arm  : cocos_extension_static <= CCPUScriptTranslator.cpp
[armeabi] Compile++ arm  : cocos_extension_static <= CCPUSimpleSpline.cpp
[armeabi] Compile++ arm  : cocos_extension_static <= CCPUSphere.cpp
[armeabi] Compile++ arm  : cocos_extension_static <= CCPUTechniqueTranslator.cpp
[armeabi] Compile++ arm  : cocos_extension_static <= CCPUTranslateManager.cpp
[armeabi] Compile++ arm  : cocos_extension_static <= CCPUUtil.cpp
[armeabi] Compile++ arm  : cocos_extension_static <= CCPUParticleSystem3D.cpp
[armeabi] Compile++ arm  : cocos_extension_static <= CCPUParticleSystem3DTranslator.cpp
[armeabi] Compile++ arm  : cocos_extension_static <= CCPUListener.cpp
[armeabi] Compile++ arm  : cocos_extension_static <= CCPUAffector.cpp
[armeabi] Compile++ arm  : cocos_extension_static <= CCPUAffectorManager.cpp
[armeabi] Compile++ arm  : cocos_extension_static <= CCPUAffectorTranslator.cpp
[armeabi] Compile++ arm  : cocos_extension_static <= CCPUAlignAffector.cpp
[armeabi] Compile++ arm  : cocos_extension_static <= CCPUAlignAffectorTranslator.cpp
[armeabi] Compile++ arm  : cocos_extension_static <= CCPUBaseCollider.cpp
[armeabi] Compile++ arm  : cocos_extension_static <= CCPUBaseColliderTranslator.cpp
[armeabi] Compile++ arm  : cocos_extension_static <= CCPUBaseForceAffector.cpp
[armeabi] Compile++ arm  : cocos_extension_static <= CCPUBaseForceAffectorTranslator.cpp
[armeabi] Compile++ arm  : cocos_extension_static <= CCPUBoxCollider.cpp
[armeabi] Compile++ arm  : cocos_extension_static <= CCPUBoxColliderTranslator.cpp
[armeabi] Compile++ arm  : cocos_extension_static <= CCPUCollisionAvoidanceAffector.cpp
[armeabi] Compile++ arm  : cocos_extension_static <= CCPUCollisionAvoidanceAffectorTranslator.cpp
[armeabi] Compile++ arm  : cocos_extension_static <= CCPUColorAffector.cpp
[armeabi] Compile++ arm  : cocos_extension_static <= CCPUColorAffectorTranslator.cpp
[armeabi] Compile++ arm  : cocos_extension_static <= CCPUFlockCenteringAffector.cpp
[armeabi] Compile++ arm  : cocos_extension_static <= CCPUFlockCenteringAffectorTranslator.cpp
[armeabi] Compile++ arm  : cocos_extension_static <= CCPUForceFieldAffector.cpp
[armeabi] Compile++ arm  : cocos_extension_static <= CCPUForceFieldAffectorTranslator.cpp
[armeabi] Compile++ arm  : cocos_extension_static <= CCPUGeometryRotator.cpp
[armeabi] Compile++ arm  : cocos_extension_static <= CCPUGeometryRotatorTranslator.cpp
[armeabi] Compile++ arm  : cocos_extension_static <= CCPUGravityAffector.cpp
[armeabi] Compile++ arm  : cocos_extension_static <= CCPUGravityAffectorTranslator.cpp
[armeabi] Compile++ arm  : cocos_extension_static <= CCPUInterParticleCollider.cpp
[armeabi] Compile++ arm  : cocos_extension_static <= CCPUInterParticleColliderTranslator.cpp
[armeabi] Compile++ arm  : cocos_extension_static <= CCPUJetAffector.cpp
[armeabi] Compile++ arm  : cocos_extension_static <= CCPUJetAffectorTranslator.cpp
[armeabi] Compile++ arm  : cocos_extension_static <= CCPULineAffector.cpp
[armeabi] Compile++ arm  : cocos_extension_static <= CCPULineAffectorTranslator.cpp
[armeabi] Compile++ arm  : cocos_extension_static <= CCPULinearForceAffector.cpp
[armeabi] Compile++ arm  : cocos_extension_static <= CCPULinearForceAffectorTranslator.cpp
[armeabi] Compile++ arm  : cocos_extension_static <= CCPUParticleFollower.cpp
[armeabi] Compile++ arm  : cocos_extension_static <= CCPUParticleFollowerTranslator.cpp
[armeabi] Compile++ arm  : cocos_extension_static <= CCPUPathFollower.cpp
[armeabi] Compile++ arm  : cocos_extension_static <= CCPUPathFollowerTranslator.cpp
[armeabi] Compile++ arm  : cocos_extension_static <= CCPUPlaneCollider.cpp
[armeabi] Compile++ arm  : cocos_extension_static <= CCPUPlaneColliderTranslator.cpp
[armeabi] Compile++ arm  : cocos_extension_static <= CCPURandomiser.cpp
[armeabi] Compile++ arm  : cocos_extension_static <= CCPURandomiserTranslator.cpp
[armeabi] Compile++ arm  : cocos_extension_static <= CCPUScaleAffector.cpp
[armeabi] Compile++ arm  : cocos_extension_static <= CCPUScaleAffectorTranslator.cpp
[armeabi] Compile++ arm  : cocos_extension_static <= CCPUScaleVelocityAffector.cpp
[armeabi] Compile++ arm  : cocos_extension_static <= CCPUScaleVelocityAffectorTranslator.cpp
[armeabi] Compile++ arm  : cocos_extension_static <= CCPUSineForceAffector.cpp
[armeabi] Compile++ arm  : cocos_extension_static <= CCPUSineForceAffectorTranslator.cpp
[armeabi] Compile++ arm  : cocos_extension_static <= CCPUSphereCollider.cpp
[armeabi] Compile++ arm  : cocos_extension_static <= CCPUSphereColliderTranslator.cpp
[armeabi] Compile++ arm  : cocos_extension_static <= CCPUTextureAnimator.cpp
[armeabi] Compile++ arm  : cocos_extension_static <= CCPUTextureAnimatorTranslator.cpp
[armeabi] Compile++ arm  : cocos_extension_static <= CCPUTextureRotator.cpp
[armeabi] Compile++ arm  : cocos_extension_static <= CCPUTextureRotatorTranslator.cpp
[armeabi] Compile++ arm  : cocos_extension_static <= CCPUVelocityMatchingAffector.cpp
[armeabi] Compile++ arm  : cocos_extension_static <= CCPUVelocityMatchingAffectorTranslator.cpp
[armeabi] Compile++ arm  : cocos_extension_static <= CCPUVortexAffector.cpp
[armeabi] Compile++ arm  : cocos_extension_static <= CCPUVortexAffectorTranslator.cpp
[armeabi] Compile++ arm  : cocos_extension_static <= CCPUEmitter.cpp
[armeabi] Compile++ arm  : cocos_extension_static <= CCPUEmitterTranslator.cpp
[armeabi] Compile++ arm  : cocos_extension_static <= CCPUEmitterManager.cpp
[armeabi] Compile++ arm  : cocos_extension_static <= CCPUBoxEmitter.cpp
[armeabi] Compile++ arm  : cocos_extension_static <= CCPUBoxEmitterTranslator.cpp
[armeabi] Compile++ arm  : cocos_extension_static <= CCPUCircleEmitter.cpp
[armeabi] Compile++ arm  : cocos_extension_static <= CCPUCircleEmitterTranslator.cpp
[armeabi] Compile++ arm  : cocos_extension_static <= CCPULineEmitter.cpp
[armeabi] Compile++ arm  : cocos_extension_static <= CCPULineEmitterTranslator.cpp
[armeabi] Compile++ arm  : cocos_extension_static <= CCPUMeshSurfaceEmitter.cpp
[armeabi] Compile++ arm  : cocos_extension_static <= CCPUMeshSurfaceEmitterTranslator.cpp
[armeabi] Compile++ arm  : cocos_extension_static <= CCPUPointEmitter.cpp
[armeabi] Compile++ arm  : cocos_extension_static <= CCPUPointEmitterTranslator.cpp
[armeabi] Compile++ arm  : cocos_extension_static <= CCPUPositionEmitter.cpp
[armeabi] Compile++ arm  : cocos_extension_static <= CCPUPositionEmitterTranslator.cpp
[armeabi] Compile++ arm  : cocos_extension_static <= CCPUSlaveEmitter.cpp
[armeabi] Compile++ arm  : cocos_extension_static <= CCPUSlaveEmitterTranslator.cpp
[armeabi] Compile++ arm  : cocos_extension_static <= CCPUSphereSurfaceEmitter.cpp
[armeabi] Compile++ arm  : cocos_extension_static <= CCPUSphereSurfaceEmitterTranslator.cpp
[armeabi] Compile++ arm  : cocos_extension_static <= CCPUVertexEmitter.cpp
[armeabi] Compile++ arm  : cocos_extension_static <= CCPURender.cpp
[armeabi] Compile++ arm  : cocos_extension_static <= CCPUBeamRender.cpp
[armeabi] Compile++ arm  : cocos_extension_static <= CCPUBillboardChain.cpp
[armeabi] Compile++ arm  : cocos_extension_static <= CCPURibbonTrail.cpp
[armeabi] Compile++ arm  : cocos_extension_static <= CCPURibbonTrailRender.cpp
[armeabi] Compile++ arm  : cocos_extension_static <= CCPUDoAffectorEventHandler.cpp
[armeabi] Compile++ arm  : cocos_extension_static <= CCPUDoAffectorEventHandlerTranslator.cpp
[armeabi] Compile++ arm  : cocos_extension_static <= CCPUDoEnableComponentEventHandler.cpp
[armeabi] Compile++ arm  : cocos_extension_static <= CCPUDoEnableComponentEventHandlerTranslator.cpp
[armeabi] Compile++ arm  : cocos_extension_static <= CCPUDoExpireEventHandler.cpp
[armeabi] Compile++ arm  : cocos_extension_static <= CCPUDoExpireEventHandlerTranslator.cpp
[armeabi] Compile++ arm  : cocos_extension_static <= CCPUDoFreezeEventHandler.cpp
[armeabi] Compile++ arm  : cocos_extension_static <= CCPUDoFreezeEventHandlerTranslator.cpp
[armeabi] Compile++ arm  : cocos_extension_static <= CCPUDoPlacementParticleEventHandler.cpp
[armeabi] Compile++ arm  : cocos_extension_static <= CCPUDoPlacementParticleEventHandlerTranslator.cpp
[armeabi] Compile++ arm  : cocos_extension_static <= CCPUDoScaleEventHandler.cpp
[armeabi] Compile++ arm  : cocos_extension_static <= CCPUDoScaleEventHandlerTranslator.cpp
[armeabi] Compile++ arm  : cocos_extension_static <= CCPUDoStopSystemEventHandler.cpp
[armeabi] Compile++ arm  : cocos_extension_static <= CCPUDoStopSystemEventHandlerTranslator.cpp
[armeabi] Compile++ arm  : cocos_extension_static <= CCPUEventHandler.cpp
[armeabi] Compile++ arm  : cocos_extension_static <= CCPUEventHandlerManager.cpp
[armeabi] Compile++ arm  : cocos_extension_static <= CCPUEventHandlerTranslator.cpp
[armeabi] Compile++ arm  : cocos_extension_static <= CCPUObserver.cpp
[armeabi] Compile++ arm  : cocos_extension_static <= CCPUObserverManager.cpp
[armeabi] Compile++ arm  : cocos_extension_static <= CCPUObserverTranslator.cpp
[armeabi] Compile++ arm  : cocos_extension_static <= CCPUOnClearObserver.cpp
[armeabi] Compile++ arm  : cocos_extension_static <= CCPUOnClearObserverTranslator.cpp
[armeabi] Compile++ arm  : cocos_extension_static <= CCPUOnCollisionObserver.cpp
[armeabi] Compile++ arm  : cocos_extension_static <= CCPUOnCollisionObserverTranslator.cpp
[armeabi] Compile++ arm  : cocos_extension_static <= CCPUOnCountObserver.cpp
[armeabi] Compile++ arm  : cocos_extension_static <= CCPUOnCountObserverTranslator.cpp
[armeabi] Compile++ arm  : cocos_extension_static <= CCPUOnEmissionObserver.cpp
[armeabi] Compile++ arm  : cocos_extension_static <= CCPUOnEmissionObserverTranslator.cpp
[armeabi] Compile++ arm  : cocos_extension_static <= CCPUOnEventFlagObserver.cpp
[armeabi] Compile++ arm  : cocos_extension_static <= CCPUOnEventFlagObserverTranslator.cpp
[armeabi] Compile++ arm  : cocos_extension_static <= CCPUOnExpireObserver.cpp
[armeabi] Compile++ arm  : cocos_extension_static <= CCPUOnExpireObserverTranslator.cpp
[armeabi] Compile++ arm  : cocos_extension_static <= CCPUOnPositionObserver.cpp
[armeabi] Compile++ arm  : cocos_extension_static <= CCPUOnPositionObserverTranslator.cpp
[armeabi] Compile++ arm  : cocos_extension_static <= CCPUOnQuotaObserver.cpp
[armeabi] Compile++ arm  : cocos_extension_static <= CCPUOnQuotaObserverTranslator.cpp
[armeabi] Compile++ arm  : cocos_extension_static <= CCPUOnRandomObserver.cpp
[armeabi] Compile++ arm  : cocos_extension_static <= CCPUOnRandomObserverTranslator.cpp
[armeabi] Compile++ arm  : cocos_extension_static <= CCPUOnTimeObserver.cpp
[armeabi] Compile++ arm  : cocos_extension_static <= CCPUOnTimeObserverTranslator.cpp
[armeabi] Compile++ arm  : cocos_extension_static <= CCPUOnVelocityObserver.cpp
[armeabi] Compile++ arm  : cocos_extension_static <= CCPUOnVelocityObserverTranslator.cpp
[armeabi] Compile++ arm  : cocos_extension_static <= CCPUBehaviour.cpp
[armeabi] Compile++ arm  : cocos_extension_static <= CCPUBehaviourManager.cpp
[armeabi] Compile++ arm  : cocos_extension_static <= CCPUBehaviourTranslator.cpp
[armeabi] Compile++ arm  : cocos_extension_static <= CCPUSlaveBehaviour.cpp
[armeabi] Compile++ arm  : cocos_extension_static <= CCPUSlaveBehaviourTranslator.cpp
[armeabi] Compile++ thumb: audioengine_static <= AudioEngine-inl.cpp
[armeabi] Compile++ thumb: audioengine_static <= AudioEngine.cpp
[armeabi] Compile thumb  : audioengine_static <= format.c
[armeabi] Compile++ thumb: audioengine_static <= minifloat.cpp
[armeabi] Compile thumb  : audioengine_static <= primitives.c
[armeabi] Compile++ thumb: audioengine_static <= Utils.cpp
[armeabi] Compile++ arm  : box2d_static <= b2BroadPhase.cpp
[armeabi] Compile++ arm  : box2d_static <= b2CollideCircle.cpp
[armeabi] Compile++ arm  : box2d_static <= b2CollideEdge.cpp
[armeabi] Compile++ arm  : box2d_static <= b2CollidePolygon.cpp
[armeabi] Compile++ arm  : box2d_static <= b2Collision.cpp
[armeabi] Compile++ arm  : box2d_static <= b2Distance.cpp
[armeabi] Compile++ arm  : box2d_static <= b2DynamicTree.cpp
[armeabi] Compile++ arm  : box2d_static <= b2TimeOfImpact.cpp
[armeabi] Compile++ arm  : box2d_static <= b2ChainShape.cpp
[armeabi] Compile++ arm  : box2d_static <= b2CircleShape.cpp
[armeabi] Compile++ arm  : box2d_static <= b2EdgeShape.cpp
[armeabi] Compile++ arm  : box2d_static <= b2PolygonShape.cpp
[armeabi] Compile++ arm  : box2d_static <= b2BlockAllocator.cpp
[armeabi] Compile++ arm  : box2d_static <= b2Draw.cpp
[armeabi] Compile++ arm  : box2d_static <= b2Math.cpp
[armeabi] Compile++ arm  : box2d_static <= b2Settings.cpp
[armeabi] Compile++ arm  : box2d_static <= b2StackAllocator.cpp
[armeabi] Compile++ arm  : box2d_static <= b2Timer.cpp
[armeabi] Compile++ arm  : box2d_static <= b2Body.cpp
[armeabi] Compile++ arm  : box2d_static <= b2ContactManager.cpp
[armeabi] Compile++ arm  : box2d_static <= b2Fixture.cpp
[armeabi] Compile++ arm  : box2d_static <= b2Island.cpp
[armeabi] Compile++ arm  : box2d_static <= b2World.cpp
[armeabi] Compile++ arm  : box2d_static <= b2WorldCallbacks.cpp
[armeabi] Compile++ arm  : box2d_static <= b2ChainAndCircleContact.cpp
[armeabi] Compile++ arm  : box2d_static <= b2ChainAndPolygonContact.cpp
[armeabi] Compile++ arm  : box2d_static <= b2CircleContact.cpp
[armeabi] Compile++ arm  : box2d_static <= b2Contact.cpp
[armeabi] Compile++ arm  : box2d_static <= b2ContactSolver.cpp
[armeabi] Compile++ arm  : box2d_static <= b2EdgeAndCircleContact.cpp
[armeabi] Compile++ arm  : box2d_static <= b2EdgeAndPolygonContact.cpp
[armeabi] Compile++ arm  : box2d_static <= b2PolygonAndCircleContact.cpp
[armeabi] Compile++ arm  : box2d_static <= b2PolygonContact.cpp
[armeabi] Compile++ arm  : box2d_static <= b2DistanceJoint.cpp
[armeabi] Compile++ arm  : box2d_static <= b2FrictionJoint.cpp
[armeabi] Compile++ arm  : box2d_static <= b2GearJoint.cpp
[armeabi] Compile++ arm  : box2d_static <= b2MotorJoint.cpp
[armeabi] Compile++ arm  : box2d_static <= b2Joint.cpp
[armeabi] Compile++ arm  : box2d_static <= b2MouseJoint.cpp
[armeabi] Compile++ arm  : box2d_static <= b2PrismaticJoint.cpp
[armeabi] Compile++ arm  : box2d_static <= b2PulleyJoint.cpp
[armeabi] Compile++ arm  : box2d_static <= b2RevoluteJoint.cpp
[armeabi] Compile++ arm  : box2d_static <= b2RopeJoint.cpp
[armeabi] Compile++ arm  : box2d_static <= b2WeldJoint.cpp
[armeabi] Compile++ arm  : box2d_static <= b2WheelJoint.cpp
[armeabi] Compile++ arm  : box2d_static <= b2Rope.cpp
[armeabi] Compile++ arm  : cocos_network_static <= HttpClient-android.cpp
[armeabi] Compile++ arm  : cocos_network_static <= SocketIO.cpp
[armeabi] Compile++ arm  : cocos_network_static <= WebSocket.cpp
[armeabi] Compile++ arm  : cocos_network_static <= CCDownloader.cpp
[armeabi] Compile++ arm  : cocos_network_static <= CCDownloader-android.cpp
[armeabi] Compile++ arm  : cocos2dx_internal_static <= cocos2d.cpp
[armeabi] Compile++ arm  : cocos2dx_internal_static <= CCAction.cpp
[armeabi] Compile++ arm  : cocos2dx_internal_static <= CCActionCamera.cpp
[armeabi] Compile++ arm  : cocos2dx_internal_static <= CCActionCatmullRom.cpp
[armeabi] Compile++ arm  : cocos2dx_internal_static <= CCActionEase.cpp
[armeabi] Compile++ arm  : cocos2dx_internal_static <= CCActionGrid.cpp
[armeabi] Compile++ arm  : cocos2dx_internal_static <= CCActionGrid3D.cpp
[armeabi] Compile++ arm  : cocos2dx_internal_static <= CCActionInstant.cpp
[armeabi] Compile++ arm  : cocos2dx_internal_static <= CCActionInterval.cpp
[armeabi] Compile++ arm  : cocos2dx_internal_static <= CCActionManager.cpp
[armeabi] Compile++ arm  : cocos2dx_internal_static <= CCActionPageTurn3D.cpp
[armeabi] Compile++ arm  : cocos2dx_internal_static <= CCActionProgressTimer.cpp
[armeabi] Compile++ arm  : cocos2dx_internal_static <= CCActionTiledGrid.cpp
[armeabi] Compile++ arm  : cocos2dx_internal_static <= CCActionTween.cpp
[armeabi] Compile++ arm  : cocos2dx_internal_static <= CCAnimation.cpp
[armeabi] Compile++ arm  : cocos2dx_internal_static <= CCAnimationCache.cpp
[armeabi] Compile++ arm  : cocos2dx_internal_static <= CCAtlasNode.cpp
[armeabi] Compile++ arm  : cocos2dx_internal_static <= CCCamera.cpp
[armeabi] Compile++ arm  : cocos2dx_internal_static <= CCCameraBackgroundBrush.cpp
[armeabi] Compile++ arm  : cocos2dx_internal_static <= CCClippingNode.cpp
[armeabi] Compile++ arm  : cocos2dx_internal_static <= CCClippingRectangleNode.cpp
[armeabi] Compile++ arm  : cocos2dx_internal_static <= CCComponent.cpp
[armeabi] Compile++ arm  : cocos2dx_internal_static <= CCDrawNode.cpp
[armeabi] Compile++ arm  : cocos2dx_internal_static <= CCComponentContainer.cpp
[armeabi] Compile++ arm  : cocos2dx_internal_static <= CCDrawingPrimitives.cpp
[armeabi] Compile++ arm  : cocos2dx_internal_static <= CCFastTMXLayer.cpp
[armeabi] Compile++ arm  : cocos2dx_internal_static <= CCFastTMXTiledMap.cpp
[armeabi] Compile++ arm  : cocos2dx_internal_static <= CCFont.cpp
[armeabi] Compile++ arm  : cocos2dx_internal_static <= CCFontAtlas.cpp
[armeabi] Compile++ arm  : cocos2dx_internal_static <= CCFontAtlasCache.cpp
[armeabi] Compile++ arm  : cocos2dx_internal_static <= CCFontCharMap.cpp
[armeabi] Compile++ arm  : cocos2dx_internal_static <= CCFontFNT.cpp
[armeabi] Compile++ arm  : cocos2dx_internal_static <= CCFontFreeType.cpp
[armeabi] Compile++ arm  : cocos2dx_internal_static <= CCGLBufferedNode.cpp
[armeabi] Compile++ arm  : cocos2dx_internal_static <= CCGrabber.cpp
[armeabi] Compile++ arm  : cocos2dx_internal_static <= CCGrid.cpp
[armeabi] Compile++ arm  : cocos2dx_internal_static <= CCLabel.cpp
[armeabi] Compile++ arm  : cocos2dx_internal_static <= CCLabelAtlas.cpp
[armeabi] Compile++ arm  : cocos2dx_internal_static <= CCLabelBMFont.cpp
[armeabi] Compile++ arm  : cocos2dx_internal_static <= CCLabelTTF.cpp
[armeabi] Compile++ arm  : cocos2dx_internal_static <= CCLabelTextFormatter.cpp
[armeabi] Compile++ arm  : cocos2dx_internal_static <= CCLayer.cpp
[armeabi] Compile++ arm  : cocos2dx_internal_static <= CCLight.cpp
[armeabi] Compile++ arm  : cocos2dx_internal_static <= CCMenu.cpp
[armeabi] Compile++ arm  : cocos2dx_internal_static <= CCMenuItem.cpp
[armeabi] Compile++ arm  : cocos2dx_internal_static <= CCMotionStreak.cpp
[armeabi] Compile++ arm  : cocos2dx_internal_static <= CCNode.cpp
[armeabi] Compile++ arm  : cocos2dx_internal_static <= CCNodeGrid.cpp
[armeabi] Compile++ arm  : cocos2dx_internal_static <= CCParallaxNode.cpp
[armeabi] Compile++ arm  : cocos2dx_internal_static <= CCParticleBatchNode.cpp
[armeabi] Compile++ arm  : cocos2dx_internal_static <= CCParticleExamples.cpp
[armeabi] Compile++ arm  : cocos2dx_internal_static <= CCParticleSystem.cpp
[armeabi] Compile++ arm  : cocos2dx_internal_static <= CCParticleSystemQuad.cpp
[armeabi] Compile++ arm  : cocos2dx_internal_static <= CCProgressTimer.cpp
[armeabi] Compile++ arm  : cocos2dx_internal_static <= CCProtectedNode.cpp
[armeabi] Compile++ arm  : cocos2dx_internal_static <= CCRenderTexture.cpp
[armeabi] Compile++ arm  : cocos2dx_internal_static <= CCScene.cpp
[armeabi] Compile++ arm  : cocos2dx_internal_static <= CCSprite.cpp
[armeabi] Compile++ arm  : cocos2dx_internal_static <= CCSpriteBatchNode.cpp
[armeabi] Compile++ arm  : cocos2dx_internal_static <= CCSpriteFrame.cpp
[armeabi] Compile++ arm  : cocos2dx_internal_static <= CCSpriteFrameCache.cpp
[armeabi] Compile++ arm  : cocos2dx_internal_static <= CCTMXLayer.cpp
[armeabi] Compile++ arm  : cocos2dx_internal_static <= CCTMXObjectGroup.cpp
[armeabi] Compile++ arm  : cocos2dx_internal_static <= CCTMXTiledMap.cpp
[armeabi] Compile++ arm  : cocos2dx_internal_static <= CCTMXXMLParser.cpp
[armeabi] Compile++ arm  : cocos2dx_internal_static <= CCTextFieldTTF.cpp
[armeabi] Compile++ arm  : cocos2dx_internal_static <= CCTileMapAtlas.cpp
[armeabi] Compile++ arm  : cocos2dx_internal_static <= CCTransition.cpp
[armeabi] Compile++ arm  : cocos2dx_internal_static <= CCTransitionPageTurn.cpp
[armeabi] Compile++ arm  : cocos2dx_internal_static <= CCTransitionProgress.cpp
[armeabi] Compile++ arm  : cocos2dx_internal_static <= CCTweenFunction.cpp
[armeabi] Compile++ arm  : cocos2dx_internal_static <= CCAutoPolygon.cpp
[armeabi] Compile++ arm  : cocos2dx_internal_static <= CCFrustum.cpp
[armeabi] Compile++ arm  : cocos2dx_internal_static <= CCPlane.cpp
[armeabi] Compile++ arm  : cocos2dx_internal_static <= CCFileUtils.cpp
[armeabi] Compile++ arm  : cocos2dx_internal_static <= CCGLView.cpp
[armeabi] Compile++ arm  : cocos2dx_internal_static <= CCImage.cpp
[armeabi] Compile++ arm  : cocos2dx_internal_static <= CCSAXParser.cpp
[armeabi] Compile++ arm  : cocos2dx_internal_static <= CCThread.cpp
[armeabi] Compile++ arm  : cocos2dx_internal_static <= MathUtil.cpp
[armeabi] Compile++ arm  : cocos2dx_internal_static <= CCAffineTransform.cpp
[armeabi] Compile++ arm  : cocos2dx_internal_static <= CCVertex.cpp
[armeabi] Compile++ arm  : cocos2dx_internal_static <= CCGeometry.cpp
[armeabi] Compile++ arm  : cocos2dx_internal_static <= Mat4.cpp
[armeabi] Compile++ arm  : cocos2dx_internal_static <= Quaternion.cpp
[armeabi] Compile++ arm  : cocos2dx_internal_static <= TransformUtils.cpp
[armeabi] Compile++ arm  : cocos2dx_internal_static <= Vec2.cpp
[armeabi] Compile++ arm  : cocos2dx_internal_static <= Vec3.cpp
[armeabi] Compile++ arm  : cocos2dx_internal_static <= Vec4.cpp
[armeabi] Compile++ arm  : cocos2dx_internal_static <= CCNinePatchImageParser.cpp
[armeabi] Compile++ arm  : cocos2dx_internal_static <= CCStencilStateManager.cpp
[armeabi] Compile++ arm  : cocos2dx_internal_static <= CCAsyncTaskPool.cpp
[armeabi] Compile++ arm  : cocos2dx_internal_static <= CCAutoreleasePool.cpp
[armeabi] Compile++ arm  : cocos2dx_internal_static <= CCConfiguration.cpp
[armeabi] Compile++ arm  : cocos2dx_internal_static <= CCConsole.cpp
[armeabi] Compile++ arm  : cocos2dx_internal_static <= CCController-android.cpp
[armeabi] Compile++ arm  : cocos2dx_internal_static <= CCController.cpp
[armeabi] Compile++ arm  : cocos2dx_internal_static <= CCData.cpp
[armeabi] Compile++ arm  : cocos2dx_internal_static <= CCDataVisitor.cpp
[armeabi] Compile++ arm  : cocos2dx_internal_static <= CCDirector.cpp
[armeabi] Compile++ arm  : cocos2dx_internal_static <= CCEvent.cpp
[armeabi] Compile++ arm  : cocos2dx_internal_static <= CCEventAcceleration.cpp
[armeabi] Compile++ arm  : cocos2dx_internal_static <= CCEventController.cpp
[armeabi] Compile++ arm  : cocos2dx_internal_static <= CCEventCustom.cpp
[armeabi] Compile++ arm  : cocos2dx_internal_static <= CCEventDispatcher.cpp
[armeabi] Compile++ arm  : cocos2dx_internal_static <= CCEventFocus.cpp
[armeabi] Compile++ arm  : cocos2dx_internal_static <= CCEventKeyboard.cpp
[armeabi] Compile++ arm  : cocos2dx_internal_static <= CCEventListener.cpp
[armeabi] Compile++ arm  : cocos2dx_internal_static <= CCEventListenerAcceleration.cpp
[armeabi] Compile++ arm  : cocos2dx_internal_static <= CCEventListenerController.cpp
[armeabi] Compile++ arm  : cocos2dx_internal_static <= CCEventListenerCustom.cpp
[armeabi] Compile++ arm  : cocos2dx_internal_static <= CCEventListenerFocus.cpp
[armeabi] Compile++ arm  : cocos2dx_internal_static <= CCEventListenerKeyboard.cpp
[armeabi] Compile++ arm  : cocos2dx_internal_static <= CCEventListenerMouse.cpp
[armeabi] Compile++ arm  : cocos2dx_internal_static <= CCEventListenerTouch.cpp
[armeabi] Compile++ arm  : cocos2dx_internal_static <= CCEventMouse.cpp
[armeabi] Compile++ arm  : cocos2dx_internal_static <= CCEventTouch.cpp
[armeabi] Compile++ arm  : cocos2dx_internal_static <= CCIMEDispatcher.cpp
[armeabi] Compile++ arm  : cocos2dx_internal_static <= CCNS.cpp
[armeabi] Compile++ arm  : cocos2dx_internal_static <= CCProfiling.cpp
[armeabi] Compile++ arm  : cocos2dx_internal_static <= CCProperties.cpp
[armeabi] Compile++ arm  : cocos2dx_internal_static <= CCRef.cpp
[armeabi] Compile++ arm  : cocos2dx_internal_static <= CCScheduler.cpp
[armeabi] Compile++ arm  : cocos2dx_internal_static <= CCScriptSupport.cpp
[armeabi] Compile++ arm  : cocos2dx_internal_static <= CCTouch.cpp
[armeabi] Compile++ arm  : cocos2dx_internal_static <= CCUserDefault.cpp
[armeabi] Compile++ arm  : cocos2dx_internal_static <= CCUserDefault-android.cpp
[armeabi] Compile++ arm  : cocos2dx_internal_static <= CCValue.cpp
[armeabi] Compile++ arm  : cocos2dx_internal_static <= ObjectFactory.cpp
[armeabi] Compile++ arm  : cocos2dx_internal_static <= TGAlib.cpp
[armeabi] Compile++ arm  : cocos2dx_internal_static <= ZipUtils.cpp
[armeabi] Compile++ arm  : cocos2dx_internal_static <= CCAllocatorDiagnostics.cpp
[armeabi] Compile++ arm  : cocos2dx_internal_static <= CCAllocatorGlobalNewDelete.cpp
[armeabi] Compile++ arm  : cocos2dx_internal_static <= CCAllocatorGlobal.cpp
[armeabi] Compile++ arm  : cocos2dx_internal_static <= atitc.cpp
[armeabi] Compile++ arm  : cocos2dx_internal_static <= base64.cpp
[armeabi] Compile++ arm  : cocos2dx_internal_static <= ccCArray.cpp
[armeabi] Compile arm    : cocos2dx_internal_static <= ccFPSImages.c
[armeabi] Compile++ arm  : cocos2dx_internal_static <= ccRandom.cpp
[armeabi] Compile++ arm  : cocos2dx_internal_static <= ccTypes.cpp
[armeabi] Compile++ arm  : cocos2dx_internal_static <= ccUTF8.cpp
[armeabi] Compile++ arm  : cocos2dx_internal_static <= ccUtils.cpp
[armeabi] Compile++ arm  : cocos2dx_internal_static <= etc1.cpp
[armeabi] Compile++ arm  : cocos2dx_internal_static <= pvr.cpp
[armeabi] Compile++ arm  : cocos2dx_internal_static <= s3tc.cpp
[armeabi] Compile++ arm  : cocos2dx_internal_static <= CCBatchCommand.cpp
[armeabi] Compile++ arm  : cocos2dx_internal_static <= CCCustomCommand.cpp
[armeabi] Compile++ arm  : cocos2dx_internal_static <= CCGLProgram.cpp
[armeabi] Compile++ arm  : cocos2dx_internal_static <= CCGLProgramCache.cpp
[armeabi] Compile++ arm  : cocos2dx_internal_static <= CCGLProgramState.cpp
[armeabi] Compile++ arm  : cocos2dx_internal_static <= CCGLProgramStateCache.cpp
[armeabi] Compile++ arm  : cocos2dx_internal_static <= CCGroupCommand.cpp
[armeabi] Compile++ arm  : cocos2dx_internal_static <= CCMaterial.cpp
[armeabi] Compile++ arm  : cocos2dx_internal_static <= CCMeshCommand.cpp
[armeabi] Compile++ arm  : cocos2dx_internal_static <= CCPass.cpp
[armeabi] Compile++ arm  : cocos2dx_internal_static <= CCPrimitive.cpp
[armeabi] Compile++ arm  : cocos2dx_internal_static <= CCPrimitiveCommand.cpp
[armeabi] Compile++ arm  : cocos2dx_internal_static <= CCQuadCommand.cpp
[armeabi] Compile++ arm  : cocos2dx_internal_static <= CCRenderCommand.cpp
[armeabi] Compile++ arm  : cocos2dx_internal_static <= CCRenderState.cpp
[armeabi] Compile++ arm  : cocos2dx_internal_static <= CCRenderer.cpp
[armeabi] Compile++ arm  : cocos2dx_internal_static <= CCTechnique.cpp
[armeabi] Compile++ arm  : cocos2dx_internal_static <= CCTexture2D.cpp
[armeabi] Compile++ arm  : cocos2dx_internal_static <= CCTextureAtlas.cpp
[armeabi] Compile++ arm  : cocos2dx_internal_static <= CCTextureCache.cpp
[armeabi] Compile++ arm  : cocos2dx_internal_static <= CCTextureCube.cpp
[armeabi] Compile++ arm  : cocos2dx_internal_static <= CCTrianglesCommand.cpp
[armeabi] Compile++ arm  : cocos2dx_internal_static <= CCVertexAttribBinding.cpp
[armeabi] Compile++ arm  : cocos2dx_internal_static <= CCVertexIndexBuffer.cpp
[armeabi] Compile++ arm  : cocos2dx_internal_static <= CCVertexIndexData.cpp
[armeabi] Compile++ arm  : cocos2dx_internal_static <= ccGLStateCache.cpp
[armeabi] Compile++ arm  : cocos2dx_internal_static <= CCFrameBuffer.cpp
[armeabi] Compile++ arm  : cocos2dx_internal_static <= ccShaders.cpp
[armeabi] Compile++ arm  : cocos2dx_internal_static <= CCVRDistortion.cpp
[armeabi] Compile++ arm  : cocos2dx_internal_static <= CCVRDistortionMesh.cpp
[armeabi] Compile++ arm  : cocos2dx_internal_static <= CCVRGenericRenderer.cpp
[armeabi] Compile++ arm  : cocos2dx_internal_static <= CCVRGenericHeadTracker.cpp
[armeabi] Compile++ arm  : cocos2dx_internal_static <= CCDeprecated.cpp
[armeabi] Compile++ arm  : cocos2dx_internal_static <= CCArray.cpp
[armeabi] Compile++ arm  : cocos2dx_internal_static <= CCDictionary.cpp
[armeabi] Compile++ arm  : cocos2dx_internal_static <= CCNotificationCenter.cpp
[armeabi] Compile++ arm  : cocos2dx_internal_static <= CCSet.cpp
[armeabi] Compile++ arm  : cocos2dx_internal_static <= CCString.cpp
[armeabi] Compile++ arm  : cocos2dx_internal_static <= CCPhysicsBody.cpp
[armeabi] Compile++ arm  : cocos2dx_internal_static <= CCPhysicsJoint.cpp
[armeabi] Compile++ arm  : cocos2dx_internal_static <= CCPhysicsContact.cpp
[armeabi] Compile++ arm  : cocos2dx_internal_static <= CCPhysicsShape.cpp
[armeabi] Compile++ arm  : cocos2dx_internal_static <= CCPhysicsWorld.cpp
[armeabi] Compile++ arm  : cocos2dx_internal_static <= CCPhysics3D.cpp
[armeabi] Compile++ arm  : cocos2dx_internal_static <= CCPhysics3DWorld.cpp
[armeabi] Compile++ arm  : cocos2dx_internal_static <= CCPhysics3DComponent.cpp
[armeabi] Compile++ arm  : cocos2dx_internal_static <= CCPhysics3DDebugDrawer.cpp
[armeabi] Compile++ arm  : cocos2dx_internal_static <= CCPhysics3DObject.cpp
[armeabi] Compile++ arm  : cocos2dx_internal_static <= CCPhysics3DShape.cpp
[armeabi] Compile++ arm  : cocos2dx_internal_static <= CCPhysicsSprite3D.cpp
[armeabi] Compile++ arm  : cocos2dx_internal_static <= CCPhysics3DConstraint.cpp
[armeabi] Compile++ arm  : cocos2dx_internal_static <= CCNavMesh.cpp
[armeabi] Compile++ arm  : cocos2dx_internal_static <= CCNavMeshAgent.cpp
[armeabi] Compile++ arm  : cocos2dx_internal_static <= CCNavMeshDebugDraw.cpp
[armeabi] Compile++ arm  : cocos2dx_internal_static <= CCNavMeshObstacle.cpp
[armeabi] Compile++ arm  : cocos2dx_internal_static <= CCNavMeshUtils.cpp
[armeabi] Compile++ arm  : cocos2dx_internal_static <= ConvertUTFWrapper.cpp
[armeabi] Compile arm    : cocos2dx_internal_static <= ConvertUTF.c
[armeabi] Compile++ arm  : cocos2dx_internal_static <= tinyxml2.cpp
[armeabi] Compile++ arm  : cocos2dx_internal_static <= ioapi_mem.cpp
[armeabi] Compile++ arm  : cocos2dx_internal_static <= ioapi.cpp
[armeabi] Compile++ arm  : cocos2dx_internal_static <= unzip.cpp
[armeabi] Compile++ arm  : cocos2dx_internal_static <= edtaa3func.cpp
[armeabi] Compile arm    : cocos2dx_internal_static <= xxhash.c
[armeabi] Compile++ arm  : cocos2dx_internal_static <= shapes.cc
[armeabi] Compile++ arm  : cocos2dx_internal_static <= advancing_front.cc
[armeabi] Compile++ arm  : cocos2dx_internal_static <= cdt.cc
[armeabi] Compile++ arm  : cocos2dx_internal_static <= sweep_context.cc
[armeabi] Compile++ arm  : cocos2dx_internal_static <= sweep.cc
[armeabi] Compile++ arm  : cocos2dx_internal_static <= clipper.cpp
[armeabi] Compile++ arm  : recast_static <= DebugDraw.cpp
[armeabi] Compile++ arm  : recast_static <= DetourDebugDraw.cpp
[armeabi] Compile++ arm  : recast_static <= DetourAlloc.cpp
[armeabi] Compile++ arm  : recast_static <= DetourCommon.cpp
[armeabi] Compile++ arm  : recast_static <= DetourNavMesh.cpp
[armeabi] Compile++ arm  : recast_static <= DetourNavMeshBuilder.cpp
[armeabi] Compile++ arm  : recast_static <= DetourNavMeshQuery.cpp
[armeabi] Compile++ arm  : recast_static <= DetourNode.cpp
[armeabi] Compile++ arm  : recast_static <= DetourCrowd.cpp
[armeabi] Compile++ arm  : recast_static <= DetourLocalBoundary.cpp
[armeabi] Compile++ arm  : recast_static <= DetourObstacleAvoidance.cpp
[armeabi] Compile++ arm  : recast_static <= DetourPathCorridor.cpp
[armeabi] Compile++ arm  : recast_static <= DetourPathQueue.cpp
[armeabi] Compile++ arm  : recast_static <= DetourProximityGrid.cpp
[armeabi] Compile++ arm  : recast_static <= DetourTileCache.cpp
[armeabi] Compile++ arm  : recast_static <= DetourTileCacheBuilder.cpp
[armeabi] Compile arm    : recast_static <= fastlz.c
[armeabi] Compile++ arm  : bullet_static <= btAxisSweep3.cpp
[armeabi] Compile++ arm  : bullet_static <= btBroadphaseProxy.cpp
[armeabi] Compile++ arm  : bullet_static <= btCollisionAlgorithm.cpp
[armeabi] Compile++ arm  : bullet_static <= btDbvt.cpp
[armeabi] Compile++ arm  : bullet_static <= btDbvtBroadphase.cpp
[armeabi] Compile++ arm  : bullet_static <= btDispatcher.cpp
[armeabi] Compile++ arm  : bullet_static <= btMultiSapBroadphase.cpp
[armeabi] Compile++ arm  : bullet_static <= btOverlappingPairCache.cpp
[armeabi] Compile++ arm  : bullet_static <= btQuantizedBvh.cpp
[armeabi] Compile++ arm  : bullet_static <= btSimpleBroadphase.cpp
[armeabi] Compile++ arm  : bullet_static <= btActivatingCollisionAlgorithm.cpp
[armeabi] Compile++ arm  : bullet_static <= btBoxBoxCollisionAlgorithm.cpp
[armeabi] Compile++ arm  : bullet_static <= btBox2dBox2dCollisionAlgorithm.cpp
[armeabi] Compile++ arm  : bullet_static <= btBoxBoxDetector.cpp
[armeabi] Compile++ arm  : bullet_static <= btCollisionDispatcher.cpp
[armeabi] Compile++ arm  : bullet_static <= btCollisionObject.cpp
[armeabi] Compile++ arm  : bullet_static <= btCollisionWorld.cpp
[armeabi] Compile++ arm  : bullet_static <= btCompoundCollisionAlgorithm.cpp
[armeabi] Compile++ arm  : bullet_static <= btCompoundCompoundCollisionAlgorithm.cpp
[armeabi] Compile++ arm  : bullet_static <= btConvexConcaveCollisionAlgorithm.cpp
[armeabi] Compile++ arm  : bullet_static <= btConvexConvexAlgorithm.cpp
[armeabi] Compile++ arm  : bullet_static <= btConvexPlaneCollisionAlgorithm.cpp
[armeabi] Compile++ arm  : bullet_static <= btConvex2dConvex2dAlgorithm.cpp
[armeabi] Compile++ arm  : bullet_static <= btDefaultCollisionConfiguration.cpp
[armeabi] Compile++ arm  : bullet_static <= btEmptyCollisionAlgorithm.cpp
[armeabi] Compile++ arm  : bullet_static <= btGhostObject.cpp
[armeabi] Compile++ arm  : bullet_static <= btHashedSimplePairCache.cpp
[armeabi] Compile++ arm  : bullet_static <= btInternalEdgeUtility.cpp
[armeabi] Compile++ arm  : bullet_static <= btSimulationIslandManager.cpp
[armeabi] Compile++ arm  : bullet_static <= btManifoldResult.cpp
[armeabi] Compile++ arm  : bullet_static <= btSphereBoxCollisionAlgorithm.cpp
[armeabi] Compile++ arm  : bullet_static <= btSphereSphereCollisionAlgorithm.cpp
[armeabi] Compile++ arm  : bullet_static <= btSphereTriangleCollisionAlgorithm.cpp
[armeabi] Compile++ arm  : bullet_static <= btUnionFind.cpp
[armeabi] Compile++ arm  : bullet_static <= SphereTriangleDetector.cpp
[armeabi] Compile++ arm  : bullet_static <= btBoxShape.cpp
[armeabi] Compile++ arm  : bullet_static <= btBox2dShape.cpp
[armeabi] Compile++ arm  : bullet_static <= btBvhTriangleMeshShape.cpp
[armeabi] Compile++ arm  : bullet_static <= btCapsuleShape.cpp
[armeabi] Compile++ arm  : bullet_static <= btCollisionShape.cpp
[armeabi] Compile++ arm  : bullet_static <= btCompoundShape.cpp
[armeabi] Compile++ arm  : bullet_static <= btConcaveShape.cpp
[armeabi] Compile++ arm  : bullet_static <= btConeShape.cpp
[armeabi] Compile++ arm  : bullet_static <= btConvexHullShape.cpp
[armeabi] Compile++ arm  : bullet_static <= btConvexInternalShape.cpp
[armeabi] Compile++ arm  : bullet_static <= btConvexPointCloudShape.cpp
[armeabi] Compile++ arm  : bullet_static <= btConvexPolyhedron.cpp
[armeabi] Compile++ arm  : bullet_static <= btConvexShape.cpp
[armeabi] Compile++ arm  : bullet_static <= btConvex2dShape.cpp
[armeabi] Compile++ arm  : bullet_static <= btConvexTriangleMeshShape.cpp
[armeabi] Compile++ arm  : bullet_static <= btCylinderShape.cpp
[armeabi] Compile++ arm  : bullet_static <= btEmptyShape.cpp
[armeabi] Compile++ arm  : bullet_static <= btHeightfieldTerrainShape.cpp
[armeabi] Compile++ arm  : bullet_static <= btMinkowskiSumShape.cpp
[armeabi] Compile++ arm  : bullet_static <= btMultimaterialTriangleMeshShape.cpp
[armeabi] Compile++ arm  : bullet_static <= btMultiSphereShape.cpp
[armeabi] Compile++ arm  : bullet_static <= btOptimizedBvh.cpp
[armeabi] Compile++ arm  : bullet_static <= btPolyhedralConvexShape.cpp
[armeabi] Compile++ arm  : bullet_static <= btScaledBvhTriangleMeshShape.cpp
[armeabi] Compile++ arm  : bullet_static <= btShapeHull.cpp
[armeabi] Compile++ arm  : bullet_static <= btSphereShape.cpp
[armeabi] Compile++ arm  : bullet_static <= btStaticPlaneShape.cpp
[armeabi] Compile++ arm  : bullet_static <= btStridingMeshInterface.cpp
[armeabi] Compile++ arm  : bullet_static <= btTetrahedronShape.cpp
[armeabi] Compile++ arm  : bullet_static <= btTriangleBuffer.cpp
[armeabi] Compile++ arm  : bullet_static <= btTriangleCallback.cpp
[armeabi] Compile++ arm  : bullet_static <= btTriangleIndexVertexArray.cpp
[armeabi] Compile++ arm  : bullet_static <= btTriangleIndexVertexMaterialArray.cpp
[armeabi] Compile++ arm  : bullet_static <= btTriangleMesh.cpp
[armeabi] Compile++ arm  : bullet_static <= btTriangleMeshShape.cpp
[armeabi] Compile++ arm  : bullet_static <= btUniformScalingShape.cpp
[armeabi] Compile++ arm  : bullet_static <= btContactProcessing.cpp
[armeabi] Compile++ arm  : bullet_static <= btGenericPoolAllocator.cpp
[armeabi] Compile++ arm  : bullet_static <= btGImpactBvh.cpp
[armeabi] Compile++ arm  : bullet_static <= btGImpactCollisionAlgorithm.cpp
[armeabi] Compile++ arm  : bullet_static <= btGImpactQuantizedBvh.cpp
[armeabi] Compile++ arm  : bullet_static <= btGImpactShape.cpp
[armeabi] Compile++ arm  : bullet_static <= btTriangleShapeEx.cpp
[armeabi] Compile++ arm  : bullet_static <= gim_box_set.cpp
[armeabi] Compile++ arm  : bullet_static <= gim_memory.cpp
[armeabi] Compile++ arm  : bullet_static <= gim_contact.cpp
[armeabi] Compile++ arm  : bullet_static <= gim_tri_collision.cpp
[armeabi] Compile++ arm  : bullet_static <= btContinuousConvexCollision.cpp
[armeabi] Compile++ arm  : bullet_static <= btConvexCast.cpp
[armeabi] Compile++ arm  : bullet_static <= btGjkConvexCast.cpp
[armeabi] Compile++ arm  : bullet_static <= btGjkEpa2.cpp
[armeabi] Compile++ arm  : bullet_static <= btGjkEpaPenetrationDepthSolver.cpp
[armeabi] Compile++ arm  : bullet_static <= btGjkPairDetector.cpp
[armeabi] Compile++ arm  : bullet_static <= btMinkowskiPenetrationDepthSolver.cpp
[armeabi] Compile++ arm  : bullet_static <= btPersistentManifold.cpp
[armeabi] Compile++ arm  : bullet_static <= btRaycastCallback.cpp
[armeabi] Compile++ arm  : bullet_static <= btSubSimplexConvexCast.cpp
[armeabi] Compile++ arm  : bullet_static <= btVoronoiSimplexSolver.cpp
[armeabi] Compile++ arm  : bullet_static <= btPolyhedralContactClipping.cpp
[armeabi] Compile++ arm  : bullet_static <= btKinematicCharacterController.cpp
[armeabi] Compile++ arm  : bullet_static <= btConeTwistConstraint.cpp
[armeabi] Compile++ arm  : bullet_static <= btContactConstraint.cpp
[armeabi] Compile++ arm  : bullet_static <= btFixedConstraint.cpp
[armeabi] Compile++ arm  : bullet_static <= btGeneric6DofConstraint.cpp
[armeabi] Compile++ arm  : bullet_static <= btGearConstraint.cpp
[armeabi] Compile++ arm  : bullet_static <= btGeneric6DofSpringConstraint.cpp
[armeabi] Compile++ arm  : bullet_static <= btHinge2Constraint.cpp
[armeabi] Compile++ arm  : bullet_static <= btHingeConstraint.cpp
[armeabi] Compile++ arm  : bullet_static <= btPoint2PointConstraint.cpp
[armeabi] Compile++ arm  : bullet_static <= btSequentialImpulseConstraintSolver.cpp
[armeabi] Compile++ arm  : bullet_static <= btSliderConstraint.cpp
[armeabi] Compile++ arm  : bullet_static <= btSolve2LinearConstraint.cpp
[armeabi] Compile++ arm  : bullet_static <= btTypedConstraint.cpp
[armeabi] Compile++ arm  : bullet_static <= btUniversalConstraint.cpp
[armeabi] Compile++ arm  : bullet_static <= btDiscreteDynamicsWorld.cpp
[armeabi] Compile++ arm  : bullet_static <= btRigidBody.cpp
[armeabi] Compile++ arm  : bullet_static <= btSimpleDynamicsWorld.cpp
[armeabi] Compile++ arm  : bullet_static <= btRaycastVehicle.cpp
[armeabi] Compile++ arm  : bullet_static <= btWheelInfo.cpp
[armeabi] Compile++ arm  : bullet_static <= btMultiBody.cpp
[armeabi] Compile++ arm  : bullet_static <= btMultiBodyConstraintSolver.cpp
[armeabi] Compile++ arm  : bullet_static <= btMultiBodyDynamicsWorld.cpp
[armeabi] Compile++ arm  : bullet_static <= btMultiBodyJointLimitConstraint.cpp
[armeabi] Compile++ arm  : bullet_static <= btMultiBodyConstraint.cpp
[armeabi] Compile++ arm  : bullet_static <= btMultiBodyPoint2Point.cpp
[armeabi] Compile++ arm  : bullet_static <= btMultiBodyJointMotor.cpp
[armeabi] Compile++ arm  : bullet_static <= btDantzigLCP.cpp
[armeabi] Compile++ arm  : bullet_static <= btMLCPSolver.cpp
[armeabi] Compile++ arm  : bullet_static <= btGpu3DGridBroadphase.cpp
[armeabi] Compile++ arm  : bullet_static <= btParallelConstraintSolver.cpp
[armeabi] Compile++ arm  : bullet_static <= btThreadSupportInterface.cpp
[armeabi] Compile++ arm  : bullet_static <= PosixThreadSupport.cpp
[armeabi] Compile++ arm  : bullet_static <= SequentialThreadSupport.cpp
[armeabi] Compile++ arm  : bullet_static <= SpuCollisionObjectWrapper.cpp
[armeabi] Compile++ arm  : bullet_static <= SpuCollisionTaskProcess.cpp
[armeabi] Compile++ arm  : bullet_static <= SpuContactManifoldCollisionAlgorithm.cpp
[armeabi] Compile++ arm  : bullet_static <= SpuFakeDma.cpp
[armeabi] Compile++ arm  : bullet_static <= SpuGatheringCollisionDispatcher.cpp
[armeabi] Compile++ arm  : bullet_static <= SpuLibspe2Support.cpp
[armeabi] Compile++ arm  : bullet_static <= SpuSampleTaskProcess.cpp
[armeabi] Compile++ arm  : bullet_static <= boxBoxDistance.cpp
[armeabi] Compile++ arm  : bullet_static <= SpuCollisionShapes.cpp
[armeabi] Compile++ arm  : bullet_static <= SpuContactResult.cpp
[armeabi] Compile++ arm  : bullet_static <= SpuGatheringCollisionTask.cpp
[armeabi] Compile++ arm  : bullet_static <= SpuMinkowskiPenetrationDepthSolver.cpp
[armeabi] Compile++ arm  : bullet_static <= SpuSampleTask.cpp
[armeabi] Compile++ arm  : bullet_static <= btAlignedAllocator.cpp
[armeabi] Compile++ arm  : bullet_static <= btConvexHull.cpp
[armeabi] Compile++ arm  : bullet_static <= btConvexHullComputer.cpp
[armeabi] Compile++ arm  : bullet_static <= btGeometryUtil.cpp
[armeabi] Compile++ arm  : bullet_static <= btPolarDecomposition.cpp
[armeabi] Compile++ arm  : bullet_static <= btQuickprof.cpp
[armeabi] Compile++ arm  : bullet_static <= btSerializer.cpp
[armeabi] Compile++ arm  : bullet_static <= btVector3.cpp
[armeabi] Compile++ arm  : bullet_static <= MiniCLTask.cpp
[armeabi] Compile++ arm  : bullet_static <= MiniCL.cpp
[armeabi] Compile++ arm  : bullet_static <= MiniCLTaskScheduler.cpp
[armeabi] Compile++ thumb: cocos2dxandroid_static <= CCApplication-android.cpp
[armeabi] Compile++ thumb: cocos2dxandroid_static <= CCCommon-android.cpp
[armeabi] Compile++ thumb: cocos2dxandroid_static <= CCDevice-android.cpp
[armeabi] Compile++ thumb: cocos2dxandroid_static <= CCGLViewImpl-android.cpp
[armeabi] Compile++ thumb: cocos2dxandroid_static <= CCFileUtils-android.cpp
[armeabi] Compile++ thumb: cocos2dxandroid_static <= javaactivity-android.cpp
[armeabi] Compile++ thumb: cocos2dxandroid_static <= CCEnhanceAPI-android.cpp
[armeabi] Compile++ thumb: cocos2dxandroid_static <= Java_org_cocos2dx_lib_Cocos2dxAccelerometer.cpp
jni/../../cocos2d/cocos/platform/android/javaactivity-android.cpp: In function 'void Java_org_cocos2dx_lib_Cocos2dxRenderer_nativeInit(JNIEnv*, jobject, jint, jint)':
jni/../../cocos2d/cocos/platform/android/javaactivity-android.cpp:101:34: warning: 'void cocos2d::DrawPrimitives::init()' is deprecated (declared at jni/../../cocos2d/cocos/platform/android/../../2d/CCDrawingPrimitives.h:88) [-Wdeprecated-declarations]
         cocos2d::DrawPrimitives::init();
                                  ^
jni/../../cocos2d/cocos/platform/android/javaactivity-android.cpp:101:39: warning: 'void cocos2d::DrawPrimitives::init()' is deprecated (declared at jni/../../cocos2d/cocos/platform/android/../../2d/CCDrawingPrimitives.h:88) [-Wdeprecated-declarations]
         cocos2d::DrawPrimitives::init();
                                       ^
[armeabi] Compile++ thumb: cocos2dxandroid_static <= Java_org_cocos2dx_lib_Cocos2dxBitmap.cpp
[armeabi] Compile++ thumb: cocos2dxandroid_static <= Java_org_cocos2dx_lib_Cocos2dxHelper.cpp
[armeabi] Compile++ thumb: cocos2dxandroid_static <= Java_org_cocos2dx_lib_Cocos2dxRenderer.cpp
[armeabi] Compile++ thumb: cocos2dxandroid_static <= JniHelper.cpp
[armeabi] Compile++ thumb: cocos2dxandroid_static <= TouchesJni.cpp
[armeabi] Compile thumb  : cpufeatures <= cpu-features.c
[armeabi] StaticLibrary  : libcocostudio.a
[armeabi] StaticLibrary  : libcocosbuilder.a
[armeabi] StaticLibrary  : libcocos3d.a
[armeabi] StaticLibrary  : libspine.a
[armeabi] StaticLibrary  : libui.a
[armeabi] StaticLibrary  : libcocosdenshion.a
[armeabi] StaticLibrary  : flatbuffers.a
[armeabi] StaticLibrary  : libextension.a
[armeabi] StaticLibrary  : libbox2d.a
[armeabi] StaticLibrary  : libaudioengine.a
[armeabi] StaticLibrary  : libnetwork.a
[armeabi] StaticLibrary  : libcocos2dxinternal.a
[armeabi] StaticLibrary  : librecast.a
[armeabi] StaticLibrary  : libbullet.a
[armeabi] StaticLibrary  : libcocos2dandroid.a
[armeabi] StaticLibrary  : libcpufeatures.a
[armeabi] SharedLibrary  : libMyGame.so
[armeabi] Install        : libMyGame.so => libs/armeabi/libMyGame.so
make.exe: Leaving directory `D:/cocosExample/hellocc/proj.android'
The Selected NDK toolchain version was 4.8 !
11:23:46 **** Incremental Build of configuration Release for project hellocc ****
python D:/cocosExample/hellocc/proj.android/build_native.py -b release all 
Android NDK: WARNING: APP_PLATFORM android-21 is larger than android:minSdkVersion 9 in ./AndroidManifest.xml    
make.exe: Entering directory `D:/cocosExample/hellocc/proj.android'
[armeabi] Install        : libMyGame.so => libs/armeabi/libMyGame.so
make.exe: Leaving directory `D:/cocosExample/hellocc/proj.android'
The Selected NDK toolchain version was 4.8 !
11:45:34 **** Incremental Build of configuration Release for project hellocc ****
python D:/cocosExample/hellocc/proj.android/build_native.py -b release all 
Android NDK: WARNING: APP_PLATFORM android-21 is larger than android:minSdkVersion 9 in ./AndroidManifest.xml    
make.exe: Entering directory `D:/cocosExample/hellocc/proj.android'
[armeabi] Install        : libMyGame.so => libs/armeabi/libMyGame.so
make.exe: Leaving directory `D:/cocosExample/hellocc/proj.android'
The Selected NDK toolchain version was 4.8 !
